<?xml version="1.0" encoding="UTF-8"?>
<robot generator="Robot 6.1.1 (Python 3.10.0 on win32)" generated="20240612 11:32:43.134" rpa="false" schemaversion="4">
<suite id="s1" name="Tests" source="E:\PRC\git\ChatEditorRobot\Tests">
<suite id="s1-s1" name="Vocabulary" source="E:\PRC\git\ChatEditorRobot\Tests\Vocabulary">
<suite id="s1-s1-s1" name="Dialogue" source="E:\PRC\git\ChatEditorRobot\Tests\Vocabulary\Dialogue">
<suite id="s1-s1-s1-s1" name="DialogueEN" source="E:\PRC\git\ChatEditorRobot\Tests\Vocabulary\Dialogue\DialogueEN">
<suite id="s1-s1-s1-s1-s1" name="DialogueEssence" source="E:\PRC\git\ChatEditorRobot\Tests\Vocabulary\Dialogue\DialogueEN\DialogueEssence">
<suite id="s1-s1-s1-s1-s1-s1" name="Essence60" source="E:\PRC\git\ChatEditorRobot\Tests\Vocabulary\Dialogue\DialogueEN\DialogueEssence\essence60.robot">
<kw name="Run Keywords" library="BuiltIn" type="SETUP">
<arg>Delete Chat Editor Folder</arg>
<arg>AND</arg>
<arg>Open ChatEditor</arg>
<doc>Executes all the given keywords in a sequence.</doc>
<kw name="Delete Chat Editor Folder" library="resources">
<kw name="Get Environment Variable" library="OperatingSystem">
<var>${username}</var>
<arg>USERNAME</arg>
<doc>Returns the value of an environment variable with the given name.</doc>
<msg timestamp="20240612 11:32:44.360" level="INFO">${username} = nmari</msg>
<status status="PASS" starttime="20240612 11:32:44.359" endtime="20240612 11:32:44.360"/>
</kw>
<kw name="Set Variable" library="BuiltIn">
<var>${folderPath}</var>
<arg>C:\\Users\\${username}\\AppData\\Roaming\\Chat Editor</arg>
<doc>Returns the given values which can then be assigned to a variables.</doc>
<msg timestamp="20240612 11:32:44.360" level="INFO">${folderPath} = C:\Users\nmari\AppData\Roaming\Chat Editor</msg>
<status status="PASS" starttime="20240612 11:32:44.360" endtime="20240612 11:32:44.360"/>
</kw>
<kw name="Remove Directory" library="OperatingSystem">
<arg>${folderPath}</arg>
<arg>recursive=True</arg>
<doc>Removes the directory pointed to by the given ``path``.</doc>
<msg timestamp="20240612 11:32:44.363" level="INFO" html="true">Removed directory '&lt;a href="file://C:\Users\nmari\AppData\Roaming\Chat Editor"&gt;C:\Users\nmari\AppData\Roaming\Chat Editor&lt;/a&gt;'.</msg>
<status status="PASS" starttime="20240612 11:32:44.360" endtime="20240612 11:32:44.363"/>
</kw>
<kw name="Copy Directory" library="OperatingSystem">
<arg>Data\\Chat Editor</arg>
<arg>${folderPath}</arg>
<doc>Copies the source directory into the destination.</doc>
<msg timestamp="20240612 11:32:44.369" level="INFO" html="true">Copied directory from '&lt;a href="file://E:\PRC\git\ChatEditorRobot\Data\Chat Editor"&gt;E:\PRC\git\ChatEditorRobot\Data\Chat Editor&lt;/a&gt;' to '&lt;a href="file://C:\Users\nmari\AppData\Roaming\Chat Editor"&gt;C:\Users\nmari\AppData\Roaming\Chat Editor&lt;/a&gt;'.</msg>
<status status="PASS" starttime="20240612 11:32:44.363" endtime="20240612 11:32:44.369"/>
</kw>
<status status="PASS" starttime="20240612 11:32:44.359" endtime="20240612 11:32:44.370"/>
</kw>
<kw name="Open ChatEditor" library="resources">
<kw name="Windows Run" library="RPA.Windows">
<arg>${chatEditorPath}</arg>
<tag>window</tag>
<doc>Use Windows Run window to launch an application.</doc>
<msg timestamp="20240612 11:32:44.370" level="INFO">Sending keys '{Win}r' to element: &lt;module 'uiautomation' from 'C:\\Program Files\\Python310\\lib\\site-packages\\uiautomation\\__init__.py'&gt;</msg>
<msg timestamp="20240612 11:32:45.001" level="INFO">Sending keys '"C:/Program Files (x86)/Chat Editor/Chat Editor.exe"' to element: &lt;module 'uiautomation' from 'C:\\Program Files\\Python310\\lib\\site-packages\\uiautomation\\__init__.py'&gt;</msg>
<msg timestamp="20240612 11:32:46.328" level="INFO">Sending keys '{Enter}' to element: &lt;module 'uiautomation' from 'C:\\Program Files\\Python310\\lib\\site-packages\\uiautomation\\__init__.py'&gt;</msg>
<status status="PASS" starttime="20240612 11:32:44.370" endtime="20240612 11:32:49.889"/>
</kw>
<status status="PASS" starttime="20240612 11:32:44.370" endtime="20240612 11:32:49.889"/>
</kw>
<status status="PASS" starttime="20240612 11:32:44.359" endtime="20240612 11:32:49.890"/>
</kw>
<test id="s1-s1-s1-s1-s1-s1-t1" name="Validate &quot;Essence 60&quot; vocabulary" line="12">
<kw name="Create new configuration of ChatEditor" library="resources">
<kw name="Click" library="RPA.Windows">
<arg>id:1589</arg>
<tag>action</tag>
<tag>mouse</tag>
<doc>Mouse click on element matching given locator.</doc>
<msg timestamp="20240612 11:32:49.892" level="INFO">Getting element with locator: id:1589</msg>
<msg timestamp="20240612 11:32:49.899" level="INFO">Resulted root element: WindowsElement(item=&lt;uiautomation.uiautomation.PaneControl object at 0x000001E5AEB24220&gt;, locator=None, name='Desktop 1', automation_id='', control_type='PaneControl', class_name='#32769', left=0, right=2560, top=0, bottom=1440, width=2560, height=1440, xcenter=1280, ycenter=720)</msg>
<msg timestamp="20240612 11:32:49.899" level="INFO">Locator 'id:1589' produced matcher: MatchObject(locators=[('AutomationId', '1589', 0)], _classes=set(), max_level=0)</msg>
<msg timestamp="20240612 11:32:50.372" level="INFO">Returning element: WindowsElement(item=&lt;uiautomation.uiautomation.ComboBoxControl object at 0x000001E5AEB25C60&gt;, locator='id:1589', name='Please choose a configuration:', automation_id='1589', control_type='ComboBoxControl', class_name='ComboBox', left=1165, right=1395, top=668, bottom=689, width=230, height=21, xcenter=1280, ycenter=678)</msg>
<status status="PASS" starttime="20240612 11:32:49.891" endtime="20240612 11:32:50.973"/>
</kw>
<kw name="Click" library="RPA.Windows">
<arg>name:"Create New Configuration"</arg>
<tag>action</tag>
<tag>mouse</tag>
<doc>Mouse click on element matching given locator.</doc>
<msg timestamp="20240612 11:32:50.979" level="INFO">Getting element with locator: name:"Create New Configuration"</msg>
<msg timestamp="20240612 11:32:50.994" level="INFO">Resulted root element: WindowsElement(item=&lt;uiautomation.uiautomation.PaneControl object at 0x000001E5AEB26320&gt;, locator=None, name='Desktop 1', automation_id='', control_type='PaneControl', class_name='#32769', left=0, right=2560, top=0, bottom=1440, width=2560, height=1440, xcenter=1280, ycenter=720)</msg>
<msg timestamp="20240612 11:32:50.994" level="INFO">Locator 'name:"Create New Configuration"' produced matcher: MatchObject(locators=[('Name', 'Create New Configuration', 0)], _classes=set(), max_level=0)</msg>
<msg timestamp="20240612 11:32:51.562" level="INFO">Returning element: WindowsElement(item=&lt;uiautomation.uiautomation.ListItemControl object at 0x000001E5AEB25180&gt;, locator='name:"Create New Configuration"', name='Create New Configuration', automation_id='', control_type='ListItemControl', class_name='', left=1166, right=1394, top=703, bottom=716, width=228, height=13, xcenter=1280, ycenter=709)</msg>
<status status="PASS" starttime="20240612 11:32:50.978" endtime="20240612 11:32:52.134"/>
</kw>
<kw name="Click" library="RPA.Windows">
<arg>id:1591</arg>
<tag>action</tag>
<tag>mouse</tag>
<doc>Mouse click on element matching given locator.</doc>
<msg timestamp="20240612 11:32:52.136" level="INFO">Getting element with locator: id:1591</msg>
<msg timestamp="20240612 11:32:52.138" level="INFO">Resulted root element: WindowsElement(item=&lt;uiautomation.uiautomation.PaneControl object at 0x000001E5AEB25930&gt;, locator=None, name='Desktop 1', automation_id='', control_type='PaneControl', class_name='#32769', left=0, right=2560, top=0, bottom=1440, width=2560, height=1440, xcenter=1280, ycenter=720)</msg>
<msg timestamp="20240612 11:32:52.138" level="INFO">Locator 'id:1591' produced matcher: MatchObject(locators=[('AutomationId', '1591', 0)], _classes=set(), max_level=0)</msg>
<msg timestamp="20240612 11:32:52.525" level="INFO">Returning element: WindowsElement(item=&lt;uiautomation.uiautomation.ButtonControl object at 0x000001E5AEB250F0&gt;, locator='id:1591', name='OK', automation_id='1591', control_type='ButtonControl', class_name='Button', left=1243, right=1318, top=749, bottom=772, width=75, height=23, xcenter=1280, ycenter=760)</msg>
<status status="PASS" starttime="20240612 11:32:52.135" endtime="20240612 11:32:53.093"/>
</kw>
<status status="PASS" starttime="20240612 11:32:49.890" endtime="20240612 11:32:53.094"/>
</kw>
<kw name="Select Dialogue" library="resources">
<kw name="Click" library="RPA.Windows">
<arg>${productDropbox}</arg>
<tag>action</tag>
<tag>mouse</tag>
<doc>Mouse click on element matching given locator.</doc>
<msg timestamp="20240612 11:32:53.096" level="INFO">Getting element with locator: id:1585</msg>
<msg timestamp="20240612 11:32:53.097" level="INFO">Resulted root element: WindowsElement(item=&lt;uiautomation.uiautomation.PaneControl object at 0x000001E5AEB245B0&gt;, locator=None, name='Desktop 1', automation_id='', control_type='PaneControl', class_name='#32769', left=0, right=2560, top=0, bottom=1440, width=2560, height=1440, xcenter=1280, ycenter=720)</msg>
<msg timestamp="20240612 11:32:53.097" level="INFO">Locator 'id:1585' produced matcher: MatchObject(locators=[('AutomationId', '1585', 0)], _classes=set(), max_level=0)</msg>
<msg timestamp="20240612 11:32:53.501" level="INFO">Returning element: WindowsElement(item=&lt;uiautomation.uiautomation.ComboBoxControl object at 0x000001E5AEB25A50&gt;, locator='id:1585', name='Please choose the product you will be supporting:', automation_id='1585', control_type='ComboBoxControl', class_name='ComboBox', left=1195, right=1363, top=683, bottom=704, width=168, height=21, xcenter=1279, ycenter=693)</msg>
<status status="PASS" starttime="20240612 11:32:53.095" endtime="20240612 11:32:54.096"/>
</kw>
<kw name="Click" library="RPA.Windows">
<arg>${dialogue}</arg>
<tag>action</tag>
<tag>mouse</tag>
<doc>Mouse click on element matching given locator.</doc>
<msg timestamp="20240612 11:32:54.098" level="INFO">Getting element with locator: name:Dialogue</msg>
<msg timestamp="20240612 11:32:54.099" level="INFO">Resulted root element: WindowsElement(item=&lt;uiautomation.uiautomation.PaneControl object at 0x000001E5AEB259F0&gt;, locator=None, name='Desktop 1', automation_id='', control_type='PaneControl', class_name='#32769', left=0, right=2560, top=0, bottom=1440, width=2560, height=1440, xcenter=1280, ycenter=720)</msg>
<msg timestamp="20240612 11:32:54.100" level="INFO">Locator 'name:Dialogue' produced matcher: MatchObject(locators=[('Name', 'Dialogue', 0)], _classes=set(), max_level=0)</msg>
<msg timestamp="20240612 11:32:54.567" level="INFO">Returning element: WindowsElement(item=&lt;uiautomation.uiautomation.ListItemControl object at 0x000001E5AEB25A80&gt;, locator='name:Dialogue', name='Dialogue', automation_id='', control_type='ListItemControl', class_name='', left=1196, right=1362, top=744, bottom=757, width=166, height=13, xcenter=1279, ycenter=750)</msg>
<status status="PASS" starttime="20240612 11:32:54.097" endtime="20240612 11:32:55.145"/>
</kw>
<kw name="Click" library="RPA.Windows">
<arg>id:1592</arg>
<tag>action</tag>
<tag>mouse</tag>
<doc>Mouse click on element matching given locator.</doc>
<msg timestamp="20240612 11:32:55.147" level="INFO">Getting element with locator: id:1592</msg>
<msg timestamp="20240612 11:32:55.148" level="INFO">Resulted root element: WindowsElement(item=&lt;uiautomation.uiautomation.PaneControl object at 0x000001E5AEB26470&gt;, locator=None, name='Desktop 1', automation_id='', control_type='PaneControl', class_name='#32769', left=0, right=2560, top=0, bottom=1440, width=2560, height=1440, xcenter=1280, ycenter=720)</msg>
<msg timestamp="20240612 11:32:55.148" level="INFO">Locator 'id:1592' produced matcher: MatchObject(locators=[('AutomationId', '1592', 0)], _classes=set(), max_level=0)</msg>
<msg timestamp="20240612 11:32:55.538" level="INFO">Returning element: WindowsElement(item=&lt;uiautomation.uiautomation.ButtonControl object at 0x000001E5AEB26440&gt;, locator='id:1592', name='OK', automation_id='1592', control_type='ButtonControl', class_name='Button', left=1237, right=1312, top=730, bottom=753, width=75, height=23, xcenter=1274, ycenter=741)</msg>
<status status="PASS" starttime="20240612 11:32:55.146" endtime="20240612 11:32:56.120"/>
</kw>
<status status="PASS" starttime="20240612 11:32:53.095" endtime="20240612 11:32:56.123"/>
</kw>
<kw name="Select English" library="resources">
<kw name="Click" library="RPA.Windows">
<arg>${languageDropbox}</arg>
<tag>action</tag>
<tag>mouse</tag>
<doc>Mouse click on element matching given locator.</doc>
<msg timestamp="20240612 11:32:56.125" level="INFO">Getting element with locator: id:1587</msg>
<msg timestamp="20240612 11:32:56.126" level="INFO">Resulted root element: WindowsElement(item=&lt;uiautomation.uiautomation.PaneControl object at 0x000001E5AEB25F60&gt;, locator=None, name='Desktop 1', automation_id='', control_type='PaneControl', class_name='#32769', left=0, right=2560, top=0, bottom=1440, width=2560, height=1440, xcenter=1280, ycenter=720)</msg>
<msg timestamp="20240612 11:32:56.126" level="INFO">Locator 'id:1587' produced matcher: MatchObject(locators=[('AutomationId', '1587', 0)], _classes=set(), max_level=0)</msg>
<msg timestamp="20240612 11:32:56.546" level="INFO">Returning element: WindowsElement(item=&lt;uiautomation.uiautomation.ComboBoxControl object at 0x000001E5AEB260E0&gt;, locator='id:1587', name='Please choose the language you will be supporting:', automation_id='1587', control_type='ComboBoxControl', class_name='ComboBox', left=1165, right=1395, top=678, bottom=699, width=230, height=21, xcenter=1280, ycenter=688)</msg>
<status status="PASS" starttime="20240612 11:32:56.124" endtime="20240612 11:32:57.136"/>
</kw>
<kw name="Click" library="RPA.Windows">
<arg>${english}</arg>
<tag>action</tag>
<tag>mouse</tag>
<doc>Mouse click on element matching given locator.</doc>
<msg timestamp="20240612 11:32:57.138" level="INFO">Getting element with locator: name:English</msg>
<msg timestamp="20240612 11:32:57.140" level="INFO">Resulted root element: WindowsElement(item=&lt;uiautomation.uiautomation.PaneControl object at 0x000001E5AEB26080&gt;, locator=None, name='Desktop 1', automation_id='', control_type='PaneControl', class_name='#32769', left=0, right=2560, top=0, bottom=1440, width=2560, height=1440, xcenter=1280, ycenter=720)</msg>
<msg timestamp="20240612 11:32:57.140" level="INFO">Locator 'name:English' produced matcher: MatchObject(locators=[('Name', 'English', 0)], _classes=set(), max_level=0)</msg>
<msg timestamp="20240612 11:32:57.589" level="INFO">Returning element: WindowsElement(item=&lt;uiautomation.uiautomation.ListItemControl object at 0x000001E5AEB26050&gt;, locator='name:English', name='English', automation_id='', control_type='ListItemControl', class_name='', left=1166, right=1394, top=700, bottom=713, width=228, height=13, xcenter=1280, ycenter=706)</msg>
<status status="PASS" starttime="20240612 11:32:57.138" endtime="20240612 11:32:58.170"/>
</kw>
<kw name="Click" library="RPA.Windows">
<arg>id:1592</arg>
<tag>action</tag>
<tag>mouse</tag>
<doc>Mouse click on element matching given locator.</doc>
<msg timestamp="20240612 11:32:58.171" level="INFO">Getting element with locator: id:1592</msg>
<msg timestamp="20240612 11:32:58.173" level="INFO">Resulted root element: WindowsElement(item=&lt;uiautomation.uiautomation.PaneControl object at 0x000001E5AEB256F0&gt;, locator=None, name='Desktop 1', automation_id='', control_type='PaneControl', class_name='#32769', left=0, right=2560, top=0, bottom=1440, width=2560, height=1440, xcenter=1280, ycenter=720)</msg>
<msg timestamp="20240612 11:32:58.173" level="INFO">Locator 'id:1592' produced matcher: MatchObject(locators=[('AutomationId', '1592', 0)], _classes=set(), max_level=0)</msg>
<msg timestamp="20240612 11:32:58.598" level="INFO">Returning element: WindowsElement(item=&lt;uiautomation.uiautomation.ButtonControl object at 0x000001E5AEB25720&gt;, locator='id:1592', name='OK', automation_id='1592', control_type='ButtonControl', class_name='Button', left=1243, right=1318, top=732, bottom=755, width=75, height=23, xcenter=1280, ycenter=743)</msg>
<status status="PASS" starttime="20240612 11:32:58.171" endtime="20240612 11:32:59.173"/>
</kw>
<status status="PASS" starttime="20240612 11:32:56.123" endtime="20240612 11:32:59.174"/>
</kw>
<kw name="Create english user" library="resources">
<kw name="Send Keys" library="RPA.Windows">
<arg>id:1034</arg>
<arg>EnglishUser</arg>
<tag>action</tag>
<tag>keyboard</tag>
<doc>Send keys to desktop, current window or to Control element
defined by given locator.</doc>
<msg timestamp="20240612 11:32:59.176" level="INFO">Getting element with locator: id:1034</msg>
<msg timestamp="20240612 11:32:59.178" level="INFO">Resulted root element: WindowsElement(item=&lt;uiautomation.uiautomation.PaneControl object at 0x000001E5C87E3490&gt;, locator=None, name='Desktop 1', automation_id='', control_type='PaneControl', class_name='#32769', left=0, right=2560, top=0, bottom=1440, width=2560, height=1440, xcenter=1280, ycenter=720)</msg>
<msg timestamp="20240612 11:32:59.178" level="INFO">Locator 'id:1034' produced matcher: MatchObject(locators=[('AutomationId', '1034', 0)], _classes=set(), max_level=0)</msg>
<msg timestamp="20240612 11:32:59.598" level="INFO">Returning element: WindowsElement(item=&lt;uiautomation.uiautomation.EditControl object at 0x000001E5C87E3610&gt;, locator='id:1034', name='', automation_id='1034', control_type='EditControl', class_name='Edit', left=1169, right=1390, top=683, bottom=703, width=221, height=20, xcenter=1279, ycenter=693)</msg>
<msg timestamp="20240612 11:32:59.600" level="INFO">Sending keys 'EnglishUser' to element: ControlType: EditControl    ClassName: Edit    AutomationId: 1034    Rect: (1169,683,1390,703)[221x20]    Name: ''    Handle: 0x7321520(120722720)</msg>
<status status="PASS" starttime="20240612 11:32:59.175" endtime="20240612 11:33:00.284"/>
</kw>
<kw name="Click" library="RPA.Windows">
<arg>${ok_btn_id1}</arg>
<tag>action</tag>
<tag>mouse</tag>
<doc>Mouse click on element matching given locator.</doc>
<msg timestamp="20240612 11:33:00.285" level="INFO">Getting element with locator: id:1</msg>
<msg timestamp="20240612 11:33:00.287" level="INFO">Resulted root element: WindowsElement(item=&lt;uiautomation.uiautomation.PaneControl object at 0x000001E5C87E35E0&gt;, locator=None, name='Desktop 1', automation_id='', control_type='PaneControl', class_name='#32769', left=0, right=2560, top=0, bottom=1440, width=2560, height=1440, xcenter=1280, ycenter=720)</msg>
<msg timestamp="20240612 11:33:00.287" level="INFO">Locator 'id:1' produced matcher: MatchObject(locators=[('AutomationId', '1', 0)], _classes=set(), max_level=0)</msg>
<msg timestamp="20240612 11:33:00.702" level="INFO">Returning element: WindowsElement(item=&lt;uiautomation.uiautomation.ButtonControl object at 0x000001E5C87E3310&gt;, locator='id:1', name='OK', automation_id='1', control_type='ButtonControl', class_name='Button', left=1241, right=1316, top=721, bottom=744, width=75, height=23, xcenter=1278, ycenter=732)</msg>
<status status="PASS" starttime="20240612 11:33:00.285" endtime="20240612 11:33:01.287"/>
</kw>
<status status="PASS" starttime="20240612 11:32:59.175" endtime="20240612 11:33:01.513"/>
</kw>
<kw name="Maximize the window" library="resources">
<kw name="Press Keys" library="RPA.Desktop">
<arg>alt</arg>
<arg>space</arg>
<doc>Press multiple keys down simultaneously.</doc>
<msg timestamp="20240612 11:33:01.515" level="INFO">Pressing keys: Key.alt, Key.space</msg>
<status status="PASS" starttime="20240612 11:33:01.514" endtime="20240612 11:33:01.521"/>
</kw>
<kw name="Press Keys" library="RPA.Desktop">
<arg>x</arg>
<doc>Press multiple keys down simultaneously.</doc>
<msg timestamp="20240612 11:33:01.522" level="INFO">Pressing keys: 'x'</msg>
<status status="PASS" starttime="20240612 11:33:01.521" endtime="20240612 11:33:01.682"/>
</kw>
<status status="PASS" starttime="20240612 11:33:01.514" endtime="20240612 11:33:01.682"/>
</kw>
<kw name="Reach Library of vocabs" library="resources">
<kw name="Press Keys" library="RPA.Desktop">
<arg>alt</arg>
<doc>Press multiple keys down simultaneously.</doc>
<msg timestamp="20240612 11:33:01.684" level="INFO">Pressing keys: Key.alt</msg>
<status status="PASS" starttime="20240612 11:33:01.683" endtime="20240612 11:33:01.801"/>
</kw>
<kw name="Press Keys" library="RPA.Desktop">
<arg>l</arg>
<doc>Press multiple keys down simultaneously.</doc>
<msg timestamp="20240612 11:33:01.802" level="INFO">Pressing keys: 'l'</msg>
<status status="PASS" starttime="20240612 11:33:01.801" endtime="20240612 11:33:01.909"/>
</kw>
<status status="PASS" starttime="20240612 11:33:01.683" endtime="20240612 11:33:01.909"/>
</kw>
<kw name="Select vocabulary" library="resources">
<arg>name:English</arg>
<arg>name:Essence</arg>
<arg>${essence60}</arg>
<if>
<branch type="IF" condition="'${language}' != 'NONE'">
<kw name="Click" library="RPA.Windows">
<arg>${language}</arg>
<tag>action</tag>
<tag>mouse</tag>
<doc>Mouse click on element matching given locator.</doc>
<msg timestamp="20240612 11:33:01.911" level="INFO">Getting element with locator: name:English</msg>
<msg timestamp="20240612 11:33:01.939" level="INFO">Resulted root element: WindowsElement(item=&lt;uiautomation.uiautomation.PaneControl object at 0x000001E5C88506D0&gt;, locator=None, name='Desktop 1', automation_id='', control_type='PaneControl', class_name='#32769', left=0, right=2560, top=0, bottom=1440, width=2560, height=1440, xcenter=1280, ycenter=720)</msg>
<msg timestamp="20240612 11:33:01.939" level="INFO">Locator 'name:English' produced matcher: MatchObject(locators=[('Name', 'English', 0)], _classes=set(), max_level=0)</msg>
<msg timestamp="20240612 11:33:02.509" level="INFO">Returning element: WindowsElement(item=&lt;uiautomation.uiautomation.TreeItemControl object at 0x000001E5C88507F0&gt;, locator='name:English', name='English', automation_id='', control_type='TreeItemControl', class_name='', left=1040, right=1077, top=623, bottom=647, width=37, height=24, xcenter=1058, ycenter=635)</msg>
<status status="PASS" starttime="20240612 11:33:01.911" endtime="20240612 11:33:03.081"/>
</kw>
<status status="PASS" starttime="20240612 11:33:01.910" endtime="20240612 11:33:03.082"/>
</branch>
<status status="PASS" starttime="20240612 11:33:01.910" endtime="20240612 11:33:03.082"/>
</if>
<if>
<branch type="IF" condition="'${symbolSet}' != 'NONE'">
<kw name="Click" library="RPA.Windows">
<arg>${symbolSet}</arg>
<tag>action</tag>
<tag>mouse</tag>
<doc>Mouse click on element matching given locator.</doc>
<msg timestamp="20240612 11:33:03.084" level="INFO">Getting element with locator: name:Essence</msg>
<msg timestamp="20240612 11:33:03.086" level="INFO">Resulted root element: WindowsElement(item=&lt;uiautomation.uiautomation.PaneControl object at 0x000001E5C8850850&gt;, locator=None, name='Desktop 1', automation_id='', control_type='PaneControl', class_name='#32769', left=0, right=2560, top=0, bottom=1440, width=2560, height=1440, xcenter=1280, ycenter=720)</msg>
<msg timestamp="20240612 11:33:03.086" level="INFO">Locator 'name:Essence' produced matcher: MatchObject(locators=[('Name', 'Essence', 0)], _classes=set(), max_level=0)</msg>
<msg timestamp="20240612 11:33:03.516" level="INFO">Returning element: WindowsElement(item=&lt;uiautomation.uiautomation.TreeItemControl object at 0x000001E5C88509A0&gt;, locator='name:Essence', name='Essence', automation_id='', control_type='TreeItemControl', class_name='', left=1067, right=1110, top=647, bottom=671, width=43, height=24, xcenter=1088, ycenter=659)</msg>
<status status="PASS" starttime="20240612 11:33:03.083" endtime="20240612 11:33:04.083"/>
</kw>
<status status="PASS" starttime="20240612 11:33:03.082" endtime="20240612 11:33:04.084"/>
</branch>
<status status="PASS" starttime="20240612 11:33:03.082" endtime="20240612 11:33:04.084"/>
</if>
<if>
<branch type="IF" condition="'${additionalVocabularies}' != 'NONE'">
<kw name="Click" library="RPA.Windows">
<arg>${additionalVocabularies}</arg>
<tag>action</tag>
<tag>mouse</tag>
<doc>Mouse click on element matching given locator.</doc>
<msg timestamp="20240612 11:33:04.085" level="INFO">Getting element with locator: name:"Essence 60"</msg>
<msg timestamp="20240612 11:33:04.087" level="INFO">Resulted root element: WindowsElement(item=&lt;uiautomation.uiautomation.PaneControl object at 0x000001E5C8850970&gt;, locator=None, name='Desktop 1', automation_id='', control_type='PaneControl', class_name='#32769', left=0, right=2560, top=0, bottom=1440, width=2560, height=1440, xcenter=1280, ycenter=720)</msg>
<msg timestamp="20240612 11:33:04.087" level="INFO">Locator 'name:"Essence 60"' produced matcher: MatchObject(locators=[('Name', 'Essence 60', 0)], _classes=set(), max_level=0)</msg>
<msg timestamp="20240612 11:33:04.536" level="INFO">Returning element: WindowsElement(item=&lt;uiautomation.uiautomation.TreeItemControl object at 0x000001E5C88509D0&gt;, locator='name:"Essence 60"', name='Essence 60', automation_id='', control_type='TreeItemControl', class_name='', left=1094, right=1152, top=671, bottom=695, width=58, height=24, xcenter=1123, ycenter=683)</msg>
<status status="PASS" starttime="20240612 11:33:04.085" endtime="20240612 11:33:05.119"/>
</kw>
<status status="PASS" starttime="20240612 11:33:04.084" endtime="20240612 11:33:05.120"/>
</branch>
<status status="PASS" starttime="20240612 11:33:04.084" endtime="20240612 11:33:05.120"/>
</if>
<if>
<branch type="IF" condition="'${downPageButton}' != 'NONE'">
<kw name="Click" library="RPA.Windows">
<arg>${downPageButton}</arg>
<tag>action</tag>
<tag>mouse</tag>
<doc>Mouse click on element matching given locator.</doc>
<status status="NOT RUN" starttime="20240612 11:33:05.121" endtime="20240612 11:33:05.121"/>
</kw>
<status status="NOT RUN" starttime="20240612 11:33:05.121" endtime="20240612 11:33:05.121"/>
</branch>
<status status="PASS" starttime="20240612 11:33:05.121" endtime="20240612 11:33:05.121"/>
</if>
<if>
<branch type="IF" condition="'${vocabName}' != 'NONE'">
<kw name="Click" library="RPA.Windows">
<arg>${vocabName}</arg>
<tag>action</tag>
<tag>mouse</tag>
<doc>Mouse click on element matching given locator.</doc>
<status status="NOT RUN" starttime="20240612 11:33:05.121" endtime="20240612 11:33:05.121"/>
</kw>
<status status="NOT RUN" starttime="20240612 11:33:05.121" endtime="20240612 11:33:05.121"/>
</branch>
<status status="PASS" starttime="20240612 11:33:05.121" endtime="20240612 11:33:05.121"/>
</if>
<kw name="Click" library="RPA.Windows">
<arg>id:33674</arg>
<tag>action</tag>
<tag>mouse</tag>
<doc>Mouse click on element matching given locator.</doc>
<msg timestamp="20240612 11:33:05.122" level="INFO">Getting element with locator: id:33674</msg>
<msg timestamp="20240612 11:33:05.124" level="INFO">Resulted root element: WindowsElement(item=&lt;uiautomation.uiautomation.PaneControl object at 0x000001E5C8850790&gt;, locator=None, name='Desktop 1', automation_id='', control_type='PaneControl', class_name='#32769', left=0, right=2560, top=0, bottom=1440, width=2560, height=1440, xcenter=1280, ycenter=720)</msg>
<msg timestamp="20240612 11:33:05.124" level="INFO">Locator 'id:33674' produced matcher: MatchObject(locators=[('AutomationId', '33674', 0)], _classes=set(), max_level=0)</msg>
<msg timestamp="20240612 11:33:05.154" level="INFO">Returning element: WindowsElement(item=&lt;uiautomation.uiautomation.MenuItemControl object at 0x000001E5C8850880&gt;, locator='id:33674', name='Open', automation_id='33674', control_type='MenuItemControl', class_name='', left=1142, right=1285, top=683, bottom=705, width=143, height=22, xcenter=1213, ycenter=694)</msg>
<status status="PASS" starttime="20240612 11:33:05.121" endtime="20240612 11:33:05.737"/>
</kw>
<status status="PASS" starttime="20240612 11:33:01.910" endtime="20240612 11:33:05.740"/>
</kw>
<status status="PASS" starttime="20240612 11:32:49.890" endtime="20240612 11:33:05.741"/>
</test>
<test id="s1-s1-s1-s1-s1-s1-t2" name="Assertions" line="21">
<kw name="Set Resolution" library="screen_resolution">
<arg>${window}</arg>
<arg>1800</arg>
<arg>800</arg>
<doc>Set the resolution of the specified window.</doc>
<msg timestamp="20240612 11:33:05.825" level="INFO">Changed resolution of 'ChatEditor • (EnglishUser)' to 1800x800.</msg>
<status status="PASS" starttime="20240612 11:33:05.742" endtime="20240612 11:33:05.825"/>
</kw>
<kw name="Set Variable" library="BuiltIn">
<var>${text}</var>
<arg>I need some help</arg>
<doc>Returns the given values which can then be assigned to a variables.</doc>
<msg timestamp="20240612 11:33:05.826" level="INFO">${text} = I need some help</msg>
<status status="PASS" starttime="20240612 11:33:05.826" endtime="20240612 11:33:05.826"/>
</kw>
<kw name="Click On Button With Text" library="screen_resolution">
<arg>${text}</arg>
<arg>Dialogue\\DialogueEnglish\\essence60\\iNeedSomeHelp.png</arg>
<arg>0.6</arg>
<doc>Click on the button with the specified text by locating its image on the screen.</doc>
<msg timestamp="20240612 11:33:05.827" level="INFO">Image path: E:\PRC\git\ChatEditorRobot\images\vocabularies\Dialogue\DialogueEnglish\essence60\iNeedSomeHelp.png</msg>
<msg timestamp="20240612 11:33:06.155" level="INFO">I clicked on the button with the text 'I need some help'.</msg>
<status status="PASS" starttime="20240612 11:33:05.826" endtime="20240612 11:33:06.156"/>
</kw>
<kw name="Get Value" library="RPA.Windows">
<var>${message}</var>
<arg>id:1000</arg>
<tag>action</tag>
<doc>Get the value of the element defined by the provided `locator`.</doc>
<msg timestamp="20240612 11:33:06.157" level="INFO">Getting element with locator: id:1000</msg>
<msg timestamp="20240612 11:33:06.159" level="INFO">Resulted root element: WindowsElement(item=&lt;uiautomation.uiautomation.PaneControl object at 0x000001E5C87E38B0&gt;, locator=None, name='Desktop 1', automation_id='', control_type='PaneControl', class_name='#32769', left=0, right=2560, top=0, bottom=1440, width=2560, height=1440, xcenter=1280, ycenter=720)</msg>
<msg timestamp="20240612 11:33:06.159" level="INFO">Locator 'id:1000' produced matcher: MatchObject(locators=[('AutomationId', '1000', 0)], _classes=set(), max_level=0)</msg>
<msg timestamp="20240612 11:33:06.582" level="INFO">Returning element: WindowsElement(item=&lt;uiautomation.uiautomation.EditControl object at 0x000001E5C87E3940&gt;, locator='id:1000', name='', automation_id='1000', control_type='EditControl', class_name='Edit', left=8, right=1792, top=95, bottom=135, width=1784, height=40, xcenter=900, ycenter=115)</msg>
<msg timestamp="20240612 11:33:06.582" level="INFO">Retrieving the element value with the 'GetValuePattern' method.</msg>
<msg timestamp="20240612 11:33:06.584" level="INFO">${message} = Yes </msg>
<status status="PASS" starttime="20240612 11:33:06.156" endtime="20240612 11:33:06.584"/>
</kw>
<kw name="Should Contain" library="BuiltIn">
<arg>${message}</arg>
<arg>I need some help.</arg>
<doc>Fails if ``container`` does not contain ``item`` one or more times.</doc>
<msg timestamp="20240612 11:33:06.585" level="FAIL">'Yes ' does not contain 'I need some help.'</msg>
<status status="FAIL" starttime="20240612 11:33:06.584" endtime="20240612 11:33:06.585"/>
</kw>
<kw name="Check to see if the user exist" library="vocabularyAssertions">
<status status="NOT RUN" starttime="20240612 11:33:06.585" endtime="20240612 11:33:06.585"/>
</kw>
<kw name="Click" library="RPA.Windows">
<arg>${edit_mode_btn}</arg>
<tag>action</tag>
<tag>mouse</tag>
<doc>Mouse click on element matching given locator.</doc>
<status status="NOT RUN" starttime="20240612 11:33:06.586" endtime="20240612 11:33:06.586"/>
</kw>
<kw name="Get Text" library="RPA.Windows">
<var>${message}</var>
<arg>id:65535</arg>
<tag>action</tag>
<doc>Get text from Control element defined by the locator.</doc>
<status status="NOT RUN" starttime="20240612 11:33:06.586" endtime="20240612 11:33:06.586"/>
</kw>
<kw name="Should Contain" library="BuiltIn">
<arg>${message}</arg>
<arg>The vocabulary "Essence 60"</arg>
<doc>Fails if ``container`` does not contain ``item`` one or more times.</doc>
<status status="NOT RUN" starttime="20240612 11:33:06.587" endtime="20240612 11:33:06.587"/>
</kw>
<kw name="Click" library="RPA.Windows">
<arg>id:7</arg>
<tag>action</tag>
<tag>mouse</tag>
<doc>Mouse click on element matching given locator.</doc>
<status status="NOT RUN" starttime="20240612 11:33:06.587" endtime="20240612 11:33:06.587"/>
</kw>
<kw name="Press Keys" library="RPA.Desktop">
<arg>alt</arg>
<arg>l</arg>
<doc>Press multiple keys down simultaneously.</doc>
<status status="NOT RUN" starttime="20240612 11:33:06.588" endtime="20240612 11:33:06.588"/>
</kw>
<kw name="Click" library="RPA.Windows">
<arg>name:English</arg>
<tag>action</tag>
<tag>mouse</tag>
<doc>Mouse click on element matching given locator.</doc>
<status status="NOT RUN" starttime="20240612 11:33:06.588" endtime="20240612 11:33:06.588"/>
</kw>
<kw name="Click" library="RPA.Windows">
<arg>name:Essence</arg>
<tag>action</tag>
<tag>mouse</tag>
<doc>Mouse click on element matching given locator.</doc>
<status status="NOT RUN" starttime="20240612 11:33:06.589" endtime="20240612 11:33:06.589"/>
</kw>
<kw name="Get Attribute" library="RPA.Windows">
<var>${name}</var>
<arg>name:"Essence 60 (Current)"</arg>
<arg>Name</arg>
<doc>Get attribute value of the element defined by the locator.</doc>
<status status="NOT RUN" starttime="20240612 11:33:06.589" endtime="20240612 11:33:06.589"/>
</kw>
<kw name="Should Be Equal" library="BuiltIn">
<arg>${name}</arg>
<arg>Essence 60 (Current)</arg>
<doc>Fails if the given objects are unequal.</doc>
<status status="NOT RUN" starttime="20240612 11:33:06.590" endtime="20240612 11:33:06.590"/>
</kw>
<status status="FAIL" starttime="20240612 11:33:05.742" endtime="20240612 11:33:06.590">'Yes ' does not contain 'I need some help.'</status>
</test>
<kw name="Close ChatEditor" library="resources" type="TEARDOWN">
<kw name="Run" library="OperatingSystem">
<arg>taskkill /F /IM "Chat Editor.exe"</arg>
<doc>Runs the given command in the system and returns the output.</doc>
<msg timestamp="20240612 11:33:06.601" level="INFO">Running command 'taskkill /F /IM "Chat Editor.exe" 2&gt;&amp;1'.</msg>
<status status="PASS" starttime="20240612 11:33:06.592" endtime="20240612 11:33:06.814"/>
</kw>
<status status="PASS" starttime="20240612 11:33:06.592" endtime="20240612 11:33:06.815"/>
</kw>
<doc>Check "Essence 60" ENGLISH vocabulary</doc>
<status status="FAIL" starttime="20240612 11:32:43.178" endtime="20240612 11:33:06.815"/>
</suite>
<suite id="s1-s1-s1-s1-s1-s2" name="Essence84" source="E:\PRC\git\ChatEditorRobot\Tests\Vocabulary\Dialogue\DialogueEN\DialogueEssence\essence84.robot">
<kw name="Run Keywords" library="BuiltIn" type="SETUP">
<arg>Delete Chat Editor Folder</arg>
<arg>AND</arg>
<arg>Open ChatEditor</arg>
<doc>Executes all the given keywords in a sequence.</doc>
<kw name="Delete Chat Editor Folder" library="resources">
<kw name="Get Environment Variable" library="OperatingSystem">
<var>${username}</var>
<arg>USERNAME</arg>
<doc>Returns the value of an environment variable with the given name.</doc>
<msg timestamp="20240612 11:33:06.863" level="INFO">${username} = nmari</msg>
<status status="PASS" starttime="20240612 11:33:06.863" endtime="20240612 11:33:06.863"/>
</kw>
<kw name="Set Variable" library="BuiltIn">
<var>${folderPath}</var>
<arg>C:\\Users\\${username}\\AppData\\Roaming\\Chat Editor</arg>
<doc>Returns the given values which can then be assigned to a variables.</doc>
<msg timestamp="20240612 11:33:06.864" level="INFO">${folderPath} = C:\Users\nmari\AppData\Roaming\Chat Editor</msg>
<status status="PASS" starttime="20240612 11:33:06.864" endtime="20240612 11:33:06.864"/>
</kw>
<kw name="Remove Directory" library="OperatingSystem">
<arg>${folderPath}</arg>
<arg>recursive=True</arg>
<doc>Removes the directory pointed to by the given ``path``.</doc>
<msg timestamp="20240612 11:33:06.871" level="INFO" html="true">Removed directory '&lt;a href="file://C:\Users\nmari\AppData\Roaming\Chat Editor"&gt;C:\Users\nmari\AppData\Roaming\Chat Editor&lt;/a&gt;'.</msg>
<status status="PASS" starttime="20240612 11:33:06.865" endtime="20240612 11:33:06.871"/>
</kw>
<kw name="Copy Directory" library="OperatingSystem">
<arg>Data\\Chat Editor</arg>
<arg>${folderPath}</arg>
<doc>Copies the source directory into the destination.</doc>
<msg timestamp="20240612 11:33:06.882" level="INFO" html="true">Copied directory from '&lt;a href="file://E:\PRC\git\ChatEditorRobot\Data\Chat Editor"&gt;E:\PRC\git\ChatEditorRobot\Data\Chat Editor&lt;/a&gt;' to '&lt;a href="file://C:\Users\nmari\AppData\Roaming\Chat Editor"&gt;C:\Users\nmari\AppData\Roaming\Chat Editor&lt;/a&gt;'.</msg>
<status status="PASS" starttime="20240612 11:33:06.872" endtime="20240612 11:33:06.882"/>
</kw>
<status status="PASS" starttime="20240612 11:33:06.862" endtime="20240612 11:33:06.882"/>
</kw>
<kw name="Open ChatEditor" library="resources">
<kw name="Windows Run" library="RPA.Windows">
<arg>${chatEditorPath}</arg>
<tag>window</tag>
<doc>Use Windows Run window to launch an application.</doc>
<msg timestamp="20240612 11:33:06.883" level="INFO">Sending keys '{Win}r' to element: &lt;module 'uiautomation' from 'C:\\Program Files\\Python310\\lib\\site-packages\\uiautomation\\__init__.py'&gt;</msg>
<msg timestamp="20240612 11:33:07.487" level="INFO">Sending keys '"C:/Program Files (x86)/Chat Editor/Chat Editor.exe"' to element: &lt;module 'uiautomation' from 'C:\\Program Files\\Python310\\lib\\site-packages\\uiautomation\\__init__.py'&gt;</msg>
<msg timestamp="20240612 11:33:08.832" level="INFO">Sending keys '{Enter}' to element: &lt;module 'uiautomation' from 'C:\\Program Files\\Python310\\lib\\site-packages\\uiautomation\\__init__.py'&gt;</msg>
<status status="PASS" starttime="20240612 11:33:06.883" endtime="20240612 11:33:12.394"/>
</kw>
<status status="PASS" starttime="20240612 11:33:06.882" endtime="20240612 11:33:12.394"/>
</kw>
<status status="PASS" starttime="20240612 11:33:06.860" endtime="20240612 11:33:12.394"/>
</kw>
<test id="s1-s1-s1-s1-s1-s2-t1" name="Validate &quot;Essence 84&quot; vocabulary" line="10">
<kw name="Create new configuration of ChatEditor" library="resources">
<kw name="Click" library="RPA.Windows">
<arg>id:1589</arg>
<tag>action</tag>
<tag>mouse</tag>
<doc>Mouse click on element matching given locator.</doc>
<msg timestamp="20240612 11:33:12.396" level="INFO">Getting element with locator: id:1589</msg>
<msg timestamp="20240612 11:33:12.397" level="INFO">Resulted root element: WindowsElement(item=&lt;uiautomation.uiautomation.PaneControl object at 0x000001E5C8851150&gt;, locator=None, name='Desktop 1', automation_id='', control_type='PaneControl', class_name='#32769', left=0, right=2560, top=0, bottom=1440, width=2560, height=1440, xcenter=1280, ycenter=720)</msg>
<msg timestamp="20240612 11:33:12.398" level="INFO">Locator 'id:1589' produced matcher: MatchObject(locators=[('AutomationId', '1589', 0)], _classes=set(), max_level=0)</msg>
<msg timestamp="20240612 11:33:12.865" level="INFO">Returning element: WindowsElement(item=&lt;uiautomation.uiautomation.ComboBoxControl object at 0x000001E5C8850640&gt;, locator='id:1589', name='Please choose a configuration:', automation_id='1589', control_type='ComboBoxControl', class_name='ComboBox', left=1165, right=1395, top=668, bottom=689, width=230, height=21, xcenter=1280, ycenter=678)</msg>
<status status="PASS" starttime="20240612 11:33:12.395" endtime="20240612 11:33:13.477"/>
</kw>
<kw name="Click" library="RPA.Windows">
<arg>name:"Create New Configuration"</arg>
<tag>action</tag>
<tag>mouse</tag>
<doc>Mouse click on element matching given locator.</doc>
<msg timestamp="20240612 11:33:13.479" level="INFO">Getting element with locator: name:"Create New Configuration"</msg>
<msg timestamp="20240612 11:33:13.481" level="INFO">Resulted root element: WindowsElement(item=&lt;uiautomation.uiautomation.PaneControl object at 0x000001E5C8850B20&gt;, locator=None, name='Desktop 1', automation_id='', control_type='PaneControl', class_name='#32769', left=0, right=2560, top=0, bottom=1440, width=2560, height=1440, xcenter=1280, ycenter=720)</msg>
<msg timestamp="20240612 11:33:13.481" level="INFO">Locator 'name:"Create New Configuration"' produced matcher: MatchObject(locators=[('Name', 'Create New Configuration', 0)], _classes=set(), max_level=0)</msg>
<msg timestamp="20240612 11:33:14.118" level="INFO">Returning element: WindowsElement(item=&lt;uiautomation.uiautomation.ListItemControl object at 0x000001E5C8850B50&gt;, locator='name:"Create New Configuration"', name='Create New Configuration', automation_id='', control_type='ListItemControl', class_name='', left=1166, right=1394, top=703, bottom=716, width=228, height=13, xcenter=1280, ycenter=709)</msg>
<status status="PASS" starttime="20240612 11:33:13.478" endtime="20240612 11:33:14.696"/>
</kw>
<kw name="Click" library="RPA.Windows">
<arg>id:1591</arg>
<tag>action</tag>
<tag>mouse</tag>
<doc>Mouse click on element matching given locator.</doc>
<msg timestamp="20240612 11:33:14.698" level="INFO">Getting element with locator: id:1591</msg>
<msg timestamp="20240612 11:33:14.699" level="INFO">Resulted root element: WindowsElement(item=&lt;uiautomation.uiautomation.PaneControl object at 0x000001E5C8850EB0&gt;, locator=None, name='Desktop 1', automation_id='', control_type='PaneControl', class_name='#32769', left=0, right=2560, top=0, bottom=1440, width=2560, height=1440, xcenter=1280, ycenter=720)</msg>
<msg timestamp="20240612 11:33:14.699" level="INFO">Locator 'id:1591' produced matcher: MatchObject(locators=[('AutomationId', '1591', 0)], _classes=set(), max_level=0)</msg>
<msg timestamp="20240612 11:33:15.121" level="INFO">Returning element: WindowsElement(item=&lt;uiautomation.uiautomation.ButtonControl object at 0x000001E5C8850E80&gt;, locator='id:1591', name='OK', automation_id='1591', control_type='ButtonControl', class_name='Button', left=1243, right=1318, top=749, bottom=772, width=75, height=23, xcenter=1280, ycenter=760)</msg>
<status status="PASS" starttime="20240612 11:33:14.697" endtime="20240612 11:33:15.700"/>
</kw>
<status status="PASS" starttime="20240612 11:33:12.395" endtime="20240612 11:33:15.701"/>
</kw>
<kw name="Select Dialogue" library="resources">
<kw name="Click" library="RPA.Windows">
<arg>${productDropbox}</arg>
<tag>action</tag>
<tag>mouse</tag>
<doc>Mouse click on element matching given locator.</doc>
<msg timestamp="20240612 11:33:15.702" level="INFO">Getting element with locator: id:1585</msg>
<msg timestamp="20240612 11:33:15.704" level="INFO">Resulted root element: WindowsElement(item=&lt;uiautomation.uiautomation.PaneControl object at 0x000001E5C88510C0&gt;, locator=None, name='Desktop 1', automation_id='', control_type='PaneControl', class_name='#32769', left=0, right=2560, top=0, bottom=1440, width=2560, height=1440, xcenter=1280, ycenter=720)</msg>
<msg timestamp="20240612 11:33:15.704" level="INFO">Locator 'id:1585' produced matcher: MatchObject(locators=[('AutomationId', '1585', 0)], _classes=set(), max_level=0)</msg>
<msg timestamp="20240612 11:33:16.107" level="INFO">Returning element: WindowsElement(item=&lt;uiautomation.uiautomation.ComboBoxControl object at 0x000001E5C8853CA0&gt;, locator='id:1585', name='Please choose the product you will be supporting:', automation_id='1585', control_type='ComboBoxControl', class_name='ComboBox', left=1195, right=1363, top=683, bottom=704, width=168, height=21, xcenter=1279, ycenter=693)</msg>
<status status="PASS" starttime="20240612 11:33:15.702" endtime="20240612 11:33:16.706"/>
</kw>
<kw name="Click" library="RPA.Windows">
<arg>${dialogue}</arg>
<tag>action</tag>
<tag>mouse</tag>
<doc>Mouse click on element matching given locator.</doc>
<msg timestamp="20240612 11:33:16.708" level="INFO">Getting element with locator: name:Dialogue</msg>
<msg timestamp="20240612 11:33:16.710" level="INFO">Resulted root element: WindowsElement(item=&lt;uiautomation.uiautomation.PaneControl object at 0x000001E5C8853D00&gt;, locator=None, name='Desktop 1', automation_id='', control_type='PaneControl', class_name='#32769', left=0, right=2560, top=0, bottom=1440, width=2560, height=1440, xcenter=1280, ycenter=720)</msg>
<msg timestamp="20240612 11:33:16.710" level="INFO">Locator 'name:Dialogue' produced matcher: MatchObject(locators=[('Name', 'Dialogue', 0)], _classes=set(), max_level=0)</msg>
<msg timestamp="20240612 11:33:17.179" level="INFO">Returning element: WindowsElement(item=&lt;uiautomation.uiautomation.ListItemControl object at 0x000001E5C8853CD0&gt;, locator='name:Dialogue', name='Dialogue', automation_id='', control_type='ListItemControl', class_name='', left=1196, right=1362, top=744, bottom=757, width=166, height=13, xcenter=1279, ycenter=750)</msg>
<status status="PASS" starttime="20240612 11:33:16.707" endtime="20240612 11:33:17.758"/>
</kw>
<kw name="Click" library="RPA.Windows">
<arg>id:1592</arg>
<tag>action</tag>
<tag>mouse</tag>
<doc>Mouse click on element matching given locator.</doc>
<msg timestamp="20240612 11:33:17.760" level="INFO">Getting element with locator: id:1592</msg>
<msg timestamp="20240612 11:33:17.761" level="INFO">Resulted root element: WindowsElement(item=&lt;uiautomation.uiautomation.PaneControl object at 0x000001E5C8853C70&gt;, locator=None, name='Desktop 1', automation_id='', control_type='PaneControl', class_name='#32769', left=0, right=2560, top=0, bottom=1440, width=2560, height=1440, xcenter=1280, ycenter=720)</msg>
<msg timestamp="20240612 11:33:17.762" level="INFO">Locator 'id:1592' produced matcher: MatchObject(locators=[('AutomationId', '1592', 0)], _classes=set(), max_level=0)</msg>
<msg timestamp="20240612 11:33:18.173" level="INFO">Returning element: WindowsElement(item=&lt;uiautomation.uiautomation.ButtonControl object at 0x000001E5C8853E20&gt;, locator='id:1592', name='OK', automation_id='1592', control_type='ButtonControl', class_name='Button', left=1237, right=1312, top=730, bottom=753, width=75, height=23, xcenter=1274, ycenter=741)</msg>
<status status="PASS" starttime="20240612 11:33:17.759" endtime="20240612 11:33:18.749"/>
</kw>
<status status="PASS" starttime="20240612 11:33:15.702" endtime="20240612 11:33:18.750"/>
</kw>
<kw name="Select English" library="resources">
<kw name="Click" library="RPA.Windows">
<arg>${languageDropbox}</arg>
<tag>action</tag>
<tag>mouse</tag>
<doc>Mouse click on element matching given locator.</doc>
<msg timestamp="20240612 11:33:18.753" level="INFO">Getting element with locator: id:1587</msg>
<msg timestamp="20240612 11:33:18.754" level="INFO">Resulted root element: WindowsElement(item=&lt;uiautomation.uiautomation.PaneControl object at 0x000001E5C88900A0&gt;, locator=None, name='Desktop 1', automation_id='', control_type='PaneControl', class_name='#32769', left=0, right=2560, top=0, bottom=1440, width=2560, height=1440, xcenter=1280, ycenter=720)</msg>
<msg timestamp="20240612 11:33:18.755" level="INFO">Locator 'id:1587' produced matcher: MatchObject(locators=[('AutomationId', '1587', 0)], _classes=set(), max_level=0)</msg>
<msg timestamp="20240612 11:33:19.171" level="INFO">Returning element: WindowsElement(item=&lt;uiautomation.uiautomation.ComboBoxControl object at 0x000001E5C8890310&gt;, locator='id:1587', name='Please choose the language you will be supporting:', automation_id='1587', control_type='ComboBoxControl', class_name='ComboBox', left=1165, right=1395, top=678, bottom=699, width=230, height=21, xcenter=1280, ycenter=688)</msg>
<status status="PASS" starttime="20240612 11:33:18.752" endtime="20240612 11:33:19.738"/>
</kw>
<kw name="Click" library="RPA.Windows">
<arg>${english}</arg>
<tag>action</tag>
<tag>mouse</tag>
<doc>Mouse click on element matching given locator.</doc>
<msg timestamp="20240612 11:33:19.741" level="INFO">Getting element with locator: name:English</msg>
<msg timestamp="20240612 11:33:19.742" level="INFO">Resulted root element: WindowsElement(item=&lt;uiautomation.uiautomation.PaneControl object at 0x000001E5C88902B0&gt;, locator=None, name='Desktop 1', automation_id='', control_type='PaneControl', class_name='#32769', left=0, right=2560, top=0, bottom=1440, width=2560, height=1440, xcenter=1280, ycenter=720)</msg>
<msg timestamp="20240612 11:33:19.742" level="INFO">Locator 'name:English' produced matcher: MatchObject(locators=[('Name', 'English', 0)], _classes=set(), max_level=0)</msg>
<msg timestamp="20240612 11:33:20.192" level="INFO">Returning element: WindowsElement(item=&lt;uiautomation.uiautomation.ListItemControl object at 0x000001E5C8890220&gt;, locator='name:English', name='English', automation_id='', control_type='ListItemControl', class_name='', left=1166, right=1394, top=700, bottom=713, width=228, height=13, xcenter=1280, ycenter=706)</msg>
<status status="PASS" starttime="20240612 11:33:19.740" endtime="20240612 11:33:20.772"/>
</kw>
<kw name="Click" library="RPA.Windows">
<arg>id:1592</arg>
<tag>action</tag>
<tag>mouse</tag>
<doc>Mouse click on element matching given locator.</doc>
<msg timestamp="20240612 11:33:20.774" level="INFO">Getting element with locator: id:1592</msg>
<msg timestamp="20240612 11:33:20.775" level="INFO">Resulted root element: WindowsElement(item=&lt;uiautomation.uiautomation.PaneControl object at 0x000001E5C88903A0&gt;, locator=None, name='Desktop 1', automation_id='', control_type='PaneControl', class_name='#32769', left=0, right=2560, top=0, bottom=1440, width=2560, height=1440, xcenter=1280, ycenter=720)</msg>
<msg timestamp="20240612 11:33:20.775" level="INFO">Locator 'id:1592' produced matcher: MatchObject(locators=[('AutomationId', '1592', 0)], _classes=set(), max_level=0)</msg>
<msg timestamp="20240612 11:33:21.182" level="INFO">Returning element: WindowsElement(item=&lt;uiautomation.uiautomation.ButtonControl object at 0x000001E5C88904F0&gt;, locator='id:1592', name='OK', automation_id='1592', control_type='ButtonControl', class_name='Button', left=1243, right=1318, top=732, bottom=755, width=75, height=23, xcenter=1280, ycenter=743)</msg>
<status status="PASS" starttime="20240612 11:33:20.773" endtime="20240612 11:33:21.760"/>
</kw>
<status status="PASS" starttime="20240612 11:33:18.751" endtime="20240612 11:33:21.761"/>
</kw>
<kw name="Create english user" library="resources">
<kw name="Send Keys" library="RPA.Windows">
<arg>id:1034</arg>
<arg>EnglishUser</arg>
<tag>action</tag>
<tag>keyboard</tag>
<doc>Send keys to desktop, current window or to Control element
defined by given locator.</doc>
<msg timestamp="20240612 11:33:21.763" level="INFO">Getting element with locator: id:1034</msg>
<msg timestamp="20240612 11:33:21.764" level="INFO">Resulted root element: WindowsElement(item=&lt;uiautomation.uiautomation.PaneControl object at 0x000001E5C8890790&gt;, locator=None, name='Desktop 1', automation_id='', control_type='PaneControl', class_name='#32769', left=0, right=2560, top=0, bottom=1440, width=2560, height=1440, xcenter=1280, ycenter=720)</msg>
<msg timestamp="20240612 11:33:21.764" level="INFO">Locator 'id:1034' produced matcher: MatchObject(locators=[('AutomationId', '1034', 0)], _classes=set(), max_level=0)</msg>
<msg timestamp="20240612 11:33:22.178" level="INFO">Returning element: WindowsElement(item=&lt;uiautomation.uiautomation.EditControl object at 0x000001E5C87E3490&gt;, locator='id:1034', name='', automation_id='1034', control_type='EditControl', class_name='Edit', left=1169, right=1390, top=683, bottom=703, width=221, height=20, xcenter=1279, ycenter=693)</msg>
<msg timestamp="20240612 11:33:22.180" level="INFO">Sending keys 'EnglishUser' to element: ControlType: EditControl    ClassName: Edit    AutomationId: 1034    Rect: (1169,683,1390,703)[221x20]    Name: ''    Handle: 0x6219D2(6429138)</msg>
<status status="PASS" starttime="20240612 11:33:21.762" endtime="20240612 11:33:22.857"/>
</kw>
<kw name="Click" library="RPA.Windows">
<arg>${ok_btn_id1}</arg>
<tag>action</tag>
<tag>mouse</tag>
<doc>Mouse click on element matching given locator.</doc>
<msg timestamp="20240612 11:33:22.858" level="INFO">Getting element with locator: id:1</msg>
<msg timestamp="20240612 11:33:22.860" level="INFO">Resulted root element: WindowsElement(item=&lt;uiautomation.uiautomation.PaneControl object at 0x000001E5C8853FA0&gt;, locator=None, name='Desktop 1', automation_id='', control_type='PaneControl', class_name='#32769', left=0, right=2560, top=0, bottom=1440, width=2560, height=1440, xcenter=1280, ycenter=720)</msg>
<msg timestamp="20240612 11:33:22.860" level="INFO">Locator 'id:1' produced matcher: MatchObject(locators=[('AutomationId', '1', 0)], _classes=set(), max_level=0)</msg>
<msg timestamp="20240612 11:33:23.283" level="INFO">Returning element: WindowsElement(item=&lt;uiautomation.uiautomation.ButtonControl object at 0x000001E5C8850DF0&gt;, locator='id:1', name='OK', automation_id='1', control_type='ButtonControl', class_name='Button', left=1241, right=1316, top=721, bottom=744, width=75, height=23, xcenter=1278, ycenter=732)</msg>
<status status="PASS" starttime="20240612 11:33:22.857" endtime="20240612 11:33:23.860"/>
</kw>
<status status="PASS" starttime="20240612 11:33:21.762" endtime="20240612 11:33:24.155"/>
</kw>
<kw name="Maximize the window" library="resources">
<kw name="Press Keys" library="RPA.Desktop">
<arg>alt</arg>
<arg>space</arg>
<doc>Press multiple keys down simultaneously.</doc>
<msg timestamp="20240612 11:33:24.157" level="INFO">Pressing keys: Key.alt, Key.space</msg>
<status status="PASS" starttime="20240612 11:33:24.157" endtime="20240612 11:33:24.169"/>
</kw>
<kw name="Press Keys" library="RPA.Desktop">
<arg>x</arg>
<doc>Press multiple keys down simultaneously.</doc>
<msg timestamp="20240612 11:33:24.169" level="INFO">Pressing keys: 'x'</msg>
<status status="PASS" starttime="20240612 11:33:24.169" endtime="20240612 11:33:24.354"/>
</kw>
<status status="PASS" starttime="20240612 11:33:24.156" endtime="20240612 11:33:24.355"/>
</kw>
<kw name="Reach Library of vocabs" library="resources">
<kw name="Press Keys" library="RPA.Desktop">
<arg>alt</arg>
<doc>Press multiple keys down simultaneously.</doc>
<msg timestamp="20240612 11:33:24.356" level="INFO">Pressing keys: Key.alt</msg>
<status status="PASS" starttime="20240612 11:33:24.356" endtime="20240612 11:33:24.470"/>
</kw>
<kw name="Press Keys" library="RPA.Desktop">
<arg>l</arg>
<doc>Press multiple keys down simultaneously.</doc>
<msg timestamp="20240612 11:33:24.470" level="INFO">Pressing keys: 'l'</msg>
<status status="PASS" starttime="20240612 11:33:24.470" endtime="20240612 11:33:24.577"/>
</kw>
<status status="PASS" starttime="20240612 11:33:24.355" endtime="20240612 11:33:24.577"/>
</kw>
<kw name="Select vocabulary" library="resources">
<arg>name:English</arg>
<arg>name:Essence</arg>
<arg>${essence84}</arg>
<if>
<branch type="IF" condition="'${language}' != 'NONE'">
<kw name="Click" library="RPA.Windows">
<arg>${language}</arg>
<tag>action</tag>
<tag>mouse</tag>
<doc>Mouse click on element matching given locator.</doc>
<msg timestamp="20240612 11:33:24.579" level="INFO">Getting element with locator: name:English</msg>
<msg timestamp="20240612 11:33:24.611" level="INFO">Resulted root element: WindowsElement(item=&lt;uiautomation.uiautomation.PaneControl object at 0x000001E5C88504F0&gt;, locator=None, name='Desktop 1', automation_id='', control_type='PaneControl', class_name='#32769', left=0, right=2560, top=0, bottom=1440, width=2560, height=1440, xcenter=1280, ycenter=720)</msg>
<msg timestamp="20240612 11:33:24.611" level="INFO">Locator 'name:English' produced matcher: MatchObject(locators=[('Name', 'English', 0)], _classes=set(), max_level=0)</msg>
<msg timestamp="20240612 11:33:25.216" level="INFO">Returning element: WindowsElement(item=&lt;uiautomation.uiautomation.TreeItemControl object at 0x000001E5C8851360&gt;, locator='name:English', name='English', automation_id='', control_type='TreeItemControl', class_name='', left=1040, right=1077, top=623, bottom=647, width=37, height=24, xcenter=1058, ycenter=635)</msg>
<status status="PASS" starttime="20240612 11:33:24.578" endtime="20240612 11:33:25.792"/>
</kw>
<status status="PASS" starttime="20240612 11:33:24.578" endtime="20240612 11:33:25.793"/>
</branch>
<status status="PASS" starttime="20240612 11:33:24.578" endtime="20240612 11:33:25.793"/>
</if>
<if>
<branch type="IF" condition="'${symbolSet}' != 'NONE'">
<kw name="Click" library="RPA.Windows">
<arg>${symbolSet}</arg>
<tag>action</tag>
<tag>mouse</tag>
<doc>Mouse click on element matching given locator.</doc>
<msg timestamp="20240612 11:33:25.795" level="INFO">Getting element with locator: name:Essence</msg>
<msg timestamp="20240612 11:33:25.796" level="INFO">Resulted root element: WindowsElement(item=&lt;uiautomation.uiautomation.PaneControl object at 0x000001E5C88515A0&gt;, locator=None, name='Desktop 1', automation_id='', control_type='PaneControl', class_name='#32769', left=0, right=2560, top=0, bottom=1440, width=2560, height=1440, xcenter=1280, ycenter=720)</msg>
<msg timestamp="20240612 11:33:25.796" level="INFO">Locator 'name:Essence' produced matcher: MatchObject(locators=[('Name', 'Essence', 0)], _classes=set(), max_level=0)</msg>
<msg timestamp="20240612 11:33:26.218" level="INFO">Returning element: WindowsElement(item=&lt;uiautomation.uiautomation.TreeItemControl object at 0x000001E5C8853A90&gt;, locator='name:Essence', name='Essence', automation_id='', control_type='TreeItemControl', class_name='', left=1067, right=1110, top=647, bottom=671, width=43, height=24, xcenter=1088, ycenter=659)</msg>
<status status="PASS" starttime="20240612 11:33:25.794" endtime="20240612 11:33:26.794"/>
</kw>
<status status="PASS" starttime="20240612 11:33:25.794" endtime="20240612 11:33:26.796"/>
</branch>
<status status="PASS" starttime="20240612 11:33:25.794" endtime="20240612 11:33:26.796"/>
</if>
<if>
<branch type="IF" condition="'${additionalVocabularies}' != 'NONE'">
<kw name="Click" library="RPA.Windows">
<arg>${additionalVocabularies}</arg>
<tag>action</tag>
<tag>mouse</tag>
<doc>Mouse click on element matching given locator.</doc>
<msg timestamp="20240612 11:33:26.797" level="INFO">Getting element with locator: name:"Essence 84"</msg>
<msg timestamp="20240612 11:33:26.799" level="INFO">Resulted root element: WindowsElement(item=&lt;uiautomation.uiautomation.PaneControl object at 0x000001E5C8853B80&gt;, locator=None, name='Desktop 1', automation_id='', control_type='PaneControl', class_name='#32769', left=0, right=2560, top=0, bottom=1440, width=2560, height=1440, xcenter=1280, ycenter=720)</msg>
<msg timestamp="20240612 11:33:26.799" level="INFO">Locator 'name:"Essence 84"' produced matcher: MatchObject(locators=[('Name', 'Essence 84', 0)], _classes=set(), max_level=0)</msg>
<msg timestamp="20240612 11:33:27.227" level="INFO">Returning element: WindowsElement(item=&lt;uiautomation.uiautomation.TreeItemControl object at 0x000001E5C8853880&gt;, locator='name:"Essence 84"', name='Essence 84', automation_id='', control_type='TreeItemControl', class_name='', left=1094, right=1152, top=695, bottom=719, width=58, height=24, xcenter=1123, ycenter=707)</msg>
<status status="PASS" starttime="20240612 11:33:26.796" endtime="20240612 11:33:27.798"/>
</kw>
<status status="PASS" starttime="20240612 11:33:26.796" endtime="20240612 11:33:27.799"/>
</branch>
<status status="PASS" starttime="20240612 11:33:26.796" endtime="20240612 11:33:27.799"/>
</if>
<if>
<branch type="IF" condition="'${downPageButton}' != 'NONE'">
<kw name="Click" library="RPA.Windows">
<arg>${downPageButton}</arg>
<tag>action</tag>
<tag>mouse</tag>
<doc>Mouse click on element matching given locator.</doc>
<status status="NOT RUN" starttime="20240612 11:33:27.800" endtime="20240612 11:33:27.800"/>
</kw>
<status status="NOT RUN" starttime="20240612 11:33:27.799" endtime="20240612 11:33:27.800"/>
</branch>
<status status="PASS" starttime="20240612 11:33:27.799" endtime="20240612 11:33:27.800"/>
</if>
<if>
<branch type="IF" condition="'${vocabName}' != 'NONE'">
<kw name="Click" library="RPA.Windows">
<arg>${vocabName}</arg>
<tag>action</tag>
<tag>mouse</tag>
<doc>Mouse click on element matching given locator.</doc>
<status status="NOT RUN" starttime="20240612 11:33:27.800" endtime="20240612 11:33:27.800"/>
</kw>
<status status="NOT RUN" starttime="20240612 11:33:27.800" endtime="20240612 11:33:27.800"/>
</branch>
<status status="PASS" starttime="20240612 11:33:27.800" endtime="20240612 11:33:27.800"/>
</if>
<kw name="Click" library="RPA.Windows">
<arg>id:33674</arg>
<tag>action</tag>
<tag>mouse</tag>
<doc>Mouse click on element matching given locator.</doc>
<msg timestamp="20240612 11:33:27.801" level="INFO">Getting element with locator: id:33674</msg>
<msg timestamp="20240612 11:33:27.802" level="INFO">Resulted root element: WindowsElement(item=&lt;uiautomation.uiautomation.PaneControl object at 0x000001E5C8850100&gt;, locator=None, name='Desktop 1', automation_id='', control_type='PaneControl', class_name='#32769', left=0, right=2560, top=0, bottom=1440, width=2560, height=1440, xcenter=1280, ycenter=720)</msg>
<msg timestamp="20240612 11:33:27.802" level="INFO">Locator 'id:33674' produced matcher: MatchObject(locators=[('AutomationId', '33674', 0)], _classes=set(), max_level=0)</msg>
<msg timestamp="20240612 11:33:27.834" level="INFO">Returning element: WindowsElement(item=&lt;uiautomation.uiautomation.MenuItemControl object at 0x000001E5C88505E0&gt;, locator='id:33674', name='Open', automation_id='33674', control_type='MenuItemControl', class_name='', left=1142, right=1285, top=707, bottom=729, width=143, height=22, xcenter=1213, ycenter=718)</msg>
<status status="PASS" starttime="20240612 11:33:27.800" endtime="20240612 11:33:28.415"/>
</kw>
<status status="PASS" starttime="20240612 11:33:24.577" endtime="20240612 11:33:28.417"/>
</kw>
<status status="PASS" starttime="20240612 11:33:12.394" endtime="20240612 11:33:28.418"/>
</test>
<test id="s1-s1-s1-s1-s1-s2-t2" name="Assertions" line="19">
<kw name="Set Resolution" library="screen_resolution">
<arg>${window}</arg>
<arg>1800</arg>
<arg>800</arg>
<doc>Set the resolution of the specified window.</doc>
<msg timestamp="20240612 11:33:28.564" level="INFO">Changed resolution of 'ChatEditor • (EnglishUser)' to 1800x800.</msg>
<status status="PASS" starttime="20240612 11:33:28.419" endtime="20240612 11:33:28.564"/>
</kw>
<kw name="Set Variable" library="BuiltIn">
<var>${text}</var>
<arg>I need some help</arg>
<doc>Returns the given values which can then be assigned to a variables.</doc>
<msg timestamp="20240612 11:33:28.565" level="INFO">${text} = I need some help</msg>
<status status="PASS" starttime="20240612 11:33:28.565" endtime="20240612 11:33:28.565"/>
</kw>
<kw name="Click On Button With Text" library="screen_resolution">
<arg>${text}</arg>
<arg>Dialogue\\DialogueEnglish\\essence84\\iNeedSomeHelp.png</arg>
<arg>0.6</arg>
<doc>Click on the button with the specified text by locating its image on the screen.</doc>
<msg timestamp="20240612 11:33:28.566" level="INFO">Image path: E:\PRC\git\ChatEditorRobot\images\vocabularies\Dialogue\DialogueEnglish\essence84\iNeedSomeHelp.png</msg>
<msg timestamp="20240612 11:33:28.911" level="INFO">I clicked on the button with the text 'I need some help'.</msg>
<status status="PASS" starttime="20240612 11:33:28.566" endtime="20240612 11:33:28.911"/>
</kw>
<kw name="Get Value" library="RPA.Windows">
<var>${message}</var>
<arg>id:1000</arg>
<tag>action</tag>
<doc>Get the value of the element defined by the provided `locator`.</doc>
<msg timestamp="20240612 11:33:28.913" level="INFO">Getting element with locator: id:1000</msg>
<msg timestamp="20240612 11:33:28.916" level="INFO">Resulted root element: WindowsElement(item=&lt;uiautomation.uiautomation.PaneControl object at 0x000001E5C8853790&gt;, locator=None, name='Desktop 1', automation_id='', control_type='PaneControl', class_name='#32769', left=0, right=2560, top=0, bottom=1440, width=2560, height=1440, xcenter=1280, ycenter=720)</msg>
<msg timestamp="20240612 11:33:28.916" level="INFO">Locator 'id:1000' produced matcher: MatchObject(locators=[('AutomationId', '1000', 0)], _classes=set(), max_level=0)</msg>
<msg timestamp="20240612 11:33:29.351" level="INFO">Returning element: WindowsElement(item=&lt;uiautomation.uiautomation.EditControl object at 0x000001E5C8853850&gt;, locator='id:1000', name='', automation_id='1000', control_type='EditControl', class_name='Edit', left=8, right=1792, top=95, bottom=135, width=1784, height=40, xcenter=900, ycenter=115)</msg>
<msg timestamp="20240612 11:33:29.351" level="INFO">Retrieving the element value with the 'GetValuePattern' method.</msg>
<msg timestamp="20240612 11:33:29.352" level="INFO">${message} = I need some help. </msg>
<status status="PASS" starttime="20240612 11:33:28.912" endtime="20240612 11:33:29.352"/>
</kw>
<kw name="Should Contain" library="BuiltIn">
<arg>${message}</arg>
<arg>I need some help.</arg>
<doc>Fails if ``container`` does not contain ``item`` one or more times.</doc>
<status status="PASS" starttime="20240612 11:33:29.353" endtime="20240612 11:33:29.353"/>
</kw>
<kw name="Check to see if the user exist" library="vocabularyAssertions">
<kw name="Get Text" library="RPA.Windows">
<var>${text}</var>
<arg>name:"ChatEditor • (EnglishUser)"</arg>
<tag>action</tag>
<doc>Get text from Control element defined by the locator.</doc>
<msg timestamp="20240612 11:33:29.354" level="INFO">Getting element with locator: name:"ChatEditor • (EnglishUser)"</msg>
<msg timestamp="20240612 11:33:29.356" level="INFO">Resulted root element: WindowsElement(item=&lt;uiautomation.uiautomation.PaneControl object at 0x000001E5C8850CA0&gt;, locator=None, name='Desktop 1', automation_id='', control_type='PaneControl', class_name='#32769', left=0, right=2560, top=0, bottom=1440, width=2560, height=1440, xcenter=1280, ycenter=720)</msg>
<msg timestamp="20240612 11:33:29.356" level="INFO">Locator 'name:"ChatEditor • (EnglishUser)"' produced matcher: MatchObject(locators=[('Name', 'ChatEditor • (EnglishUser)', 0)], _classes=set(), max_level=0)</msg>
<msg timestamp="20240612 11:33:29.728" level="INFO">Returning element: WindowsElement(item=&lt;uiautomation.uiautomation.WindowControl object at 0x000001E5C8850280&gt;, locator='name:"ChatEditor • (EnglishUser)"', name='ChatEditor • (EnglishUser)', automation_id='', control_type='WindowControl', class_name='#32770', left=0, right=1800, top=0, bottom=800, width=1800, height=800, xcenter=900, ycenter=400)</msg>
<msg timestamp="20240612 11:33:29.728" level="INFO">${text} = ChatEditor • (EnglishUser)</msg>
<status status="PASS" starttime="20240612 11:33:29.354" endtime="20240612 11:33:29.728"/>
</kw>
<kw name="Should Be Equal" library="BuiltIn">
<arg>${text}</arg>
<arg>ChatEditor • (EnglishUser)</arg>
<doc>Fails if the given objects are unequal.</doc>
<status status="PASS" starttime="20240612 11:33:29.728" endtime="20240612 11:33:29.729"/>
</kw>
<status status="PASS" starttime="20240612 11:33:29.353" endtime="20240612 11:33:29.729"/>
</kw>
<kw name="Click" library="RPA.Windows">
<arg>${edit_mode_btn}</arg>
<tag>action</tag>
<tag>mouse</tag>
<doc>Mouse click on element matching given locator.</doc>
<msg timestamp="20240612 11:33:29.730" level="INFO">Getting element with locator: name:"Edit Mode"</msg>
<msg timestamp="20240612 11:33:29.732" level="INFO">Resulted root element: WindowsElement(item=&lt;uiautomation.uiautomation.PaneControl object at 0x000001E5C8850BE0&gt;, locator=None, name='Desktop 1', automation_id='', control_type='PaneControl', class_name='#32769', left=0, right=2560, top=0, bottom=1440, width=2560, height=1440, xcenter=1280, ycenter=720)</msg>
<msg timestamp="20240612 11:33:29.732" level="INFO">Locator 'name:"Edit Mode"' produced matcher: MatchObject(locators=[('Name', 'Edit Mode', 0)], _classes=set(), max_level=0)</msg>
<msg timestamp="20240612 11:33:30.147" level="INFO">Returning element: WindowsElement(item=&lt;uiautomation.uiautomation.CheckBoxControl object at 0x000001E5C8852020&gt;, locator='name:"Edit Mode"', name='Edit Mode', automation_id='', control_type='CheckBoxControl', class_name='', left=206, right=266, top=53, bottom=91, width=60, height=38, xcenter=236, ycenter=72)</msg>
<status status="PASS" starttime="20240612 11:33:29.729" endtime="20240612 11:33:30.717"/>
</kw>
<kw name="Get Text" library="RPA.Windows">
<var>${message}</var>
<arg>id:65535</arg>
<tag>action</tag>
<doc>Get text from Control element defined by the locator.</doc>
<msg timestamp="20240612 11:33:30.720" level="INFO">Getting element with locator: id:65535</msg>
<msg timestamp="20240612 11:33:30.722" level="INFO">Resulted root element: WindowsElement(item=&lt;uiautomation.uiautomation.PaneControl object at 0x000001E5C8851030&gt;, locator=None, name='Desktop 1', automation_id='', control_type='PaneControl', class_name='#32769', left=0, right=2560, top=0, bottom=1440, width=2560, height=1440, xcenter=1280, ycenter=720)</msg>
<msg timestamp="20240612 11:33:30.722" level="INFO">Locator 'id:65535' produced matcher: MatchObject(locators=[('AutomationId', '65535', 0)], _classes=set(), max_level=0)</msg>
<msg timestamp="20240612 11:33:31.121" level="INFO">Returning element: WindowsElement(item=&lt;uiautomation.uiautomation.TextControl object at 0x000001E5C8850820&gt;, locator='id:65535', name='The vocabulary "Essence 84" is an Original and cannot be modified. A copy must be made in order to edit. \n\nWould you like to make a copy and edit that?', automation_id='65535', control_type='TextControl', class_name='Static', left=711, right=1071, top=365, bottom=419, width=360, height=54, xcenter=891, ycenter=392)</msg>
<msg timestamp="20240612 11:33:31.122" level="INFO">${message} = The vocabulary "Essence 84" is an Original and cannot be modified. A copy must be made in order to edit. 

Would you like to make a copy and edit that?</msg>
<status status="PASS" starttime="20240612 11:33:30.719" endtime="20240612 11:33:31.122"/>
</kw>
<kw name="Should Contain" library="BuiltIn">
<arg>${message}</arg>
<arg>The vocabulary "Essence 84"</arg>
<doc>Fails if ``container`` does not contain ``item`` one or more times.</doc>
<status status="PASS" starttime="20240612 11:33:31.123" endtime="20240612 11:33:31.123"/>
</kw>
<kw name="Click" library="RPA.Windows">
<arg>id:7</arg>
<tag>action</tag>
<tag>mouse</tag>
<doc>Mouse click on element matching given locator.</doc>
<msg timestamp="20240612 11:33:31.124" level="INFO">Getting element with locator: id:7</msg>
<msg timestamp="20240612 11:33:31.126" level="INFO">Resulted root element: WindowsElement(item=&lt;uiautomation.uiautomation.PaneControl object at 0x000001E5C8850FD0&gt;, locator=None, name='Desktop 1', automation_id='', control_type='PaneControl', class_name='#32769', left=0, right=2560, top=0, bottom=1440, width=2560, height=1440, xcenter=1280, ycenter=720)</msg>
<msg timestamp="20240612 11:33:31.126" level="INFO">Locator 'id:7' produced matcher: MatchObject(locators=[('AutomationId', '7', 0)], _classes=set(), max_level=0)</msg>
<msg timestamp="20240612 11:33:31.510" level="INFO">Returning element: WindowsElement(item=&lt;uiautomation.uiautomation.ButtonControl object at 0x000001E5C88502B0&gt;, locator='id:7', name='No', automation_id='7', control_type='ButtonControl', class_name='Button', left=1011, right=1086, top=449, bottom=472, width=75, height=23, xcenter=1048, ycenter=460)</msg>
<status status="PASS" starttime="20240612 11:33:31.123" endtime="20240612 11:33:32.076"/>
</kw>
<kw name="Press Keys" library="RPA.Desktop">
<arg>alt</arg>
<arg>l</arg>
<doc>Press multiple keys down simultaneously.</doc>
<msg timestamp="20240612 11:33:32.078" level="INFO">Pressing keys: Key.alt, 'l'</msg>
<status status="PASS" starttime="20240612 11:33:32.078" endtime="20240612 11:33:32.085"/>
</kw>
<kw name="Click" library="RPA.Windows">
<arg>name:English</arg>
<tag>action</tag>
<tag>mouse</tag>
<doc>Mouse click on element matching given locator.</doc>
<msg timestamp="20240612 11:33:32.086" level="INFO">Getting element with locator: name:English</msg>
<msg timestamp="20240612 11:33:32.089" level="INFO">Resulted root element: WindowsElement(item=&lt;uiautomation.uiautomation.PaneControl object at 0x000001E5C8853F70&gt;, locator=None, name='Desktop 1', automation_id='', control_type='PaneControl', class_name='#32769', left=0, right=2560, top=0, bottom=1440, width=2560, height=1440, xcenter=1280, ycenter=720)</msg>
<msg timestamp="20240612 11:33:32.089" level="INFO">Locator 'name:English' produced matcher: MatchObject(locators=[('Name', 'English', 0)], _classes=set(), max_level=0)</msg>
<msg timestamp="20240612 11:33:32.727" level="INFO">Returning element: WindowsElement(item=&lt;uiautomation.uiautomation.TreeItemControl object at 0x000001E5C8850A90&gt;, locator='name:English', name='English', automation_id='', control_type='TreeItemControl', class_name='', left=660, right=697, top=334, bottom=358, width=37, height=24, xcenter=678, ycenter=346)</msg>
<status status="PASS" starttime="20240612 11:33:32.085" endtime="20240612 11:33:33.296"/>
</kw>
<kw name="Click" library="RPA.Windows">
<arg>name:Essence</arg>
<tag>action</tag>
<tag>mouse</tag>
<doc>Mouse click on element matching given locator.</doc>
<msg timestamp="20240612 11:33:33.299" level="INFO">Getting element with locator: name:Essence</msg>
<msg timestamp="20240612 11:33:33.301" level="INFO">Resulted root element: WindowsElement(item=&lt;uiautomation.uiautomation.PaneControl object at 0x000001E5C88512A0&gt;, locator=None, name='Desktop 1', automation_id='', control_type='PaneControl', class_name='#32769', left=0, right=2560, top=0, bottom=1440, width=2560, height=1440, xcenter=1280, ycenter=720)</msg>
<msg timestamp="20240612 11:33:33.301" level="INFO">Locator 'name:Essence' produced matcher: MatchObject(locators=[('Name', 'Essence', 0)], _classes=set(), max_level=0)</msg>
<msg timestamp="20240612 11:33:33.757" level="INFO">Returning element: WindowsElement(item=&lt;uiautomation.uiautomation.TreeItemControl object at 0x000001E5C8850F70&gt;, locator='name:Essence', name='Essence', automation_id='', control_type='TreeItemControl', class_name='', left=687, right=730, top=358, bottom=382, width=43, height=24, xcenter=708, ycenter=370)</msg>
<status status="PASS" starttime="20240612 11:33:33.298" endtime="20240612 11:33:34.330"/>
</kw>
<kw name="Get Attribute" library="RPA.Windows">
<var>${name}</var>
<arg>name:"Essence 84 (Current)"</arg>
<arg>Name</arg>
<doc>Get attribute value of the element defined by the locator.</doc>
<msg timestamp="20240612 11:33:34.332" level="INFO">Getting element with locator: name:"Essence 84 (Current)"</msg>
<msg timestamp="20240612 11:33:34.334" level="INFO">Resulted root element: WindowsElement(item=&lt;uiautomation.uiautomation.PaneControl object at 0x000001E5C8850910&gt;, locator=None, name='Desktop 1', automation_id='', control_type='PaneControl', class_name='#32769', left=0, right=2560, top=0, bottom=1440, width=2560, height=1440, xcenter=1280, ycenter=720)</msg>
<msg timestamp="20240612 11:33:34.334" level="INFO">Locator 'name:"Essence 84 (Current)"' produced matcher: MatchObject(locators=[('Name', 'Essence 84 (Current)', 0)], _classes=set(), max_level=0)</msg>
<msg timestamp="20240612 11:33:34.777" level="INFO">Returning element: WindowsElement(item=&lt;uiautomation.uiautomation.TreeItemControl object at 0x000001E5C8853F10&gt;, locator='name:"Essence 84 (Current)"', name='Essence 84 (Current)', automation_id='', control_type='TreeItemControl', class_name='', left=714, right=820, top=406, bottom=430, width=106, height=24, xcenter=767, ycenter=418)</msg>
<msg timestamp="20240612 11:33:34.779" level="INFO">${name} = Essence 84 (Current)</msg>
<status status="PASS" starttime="20240612 11:33:34.332" endtime="20240612 11:33:34.779"/>
</kw>
<kw name="Should Be Equal" library="BuiltIn">
<arg>${name}</arg>
<arg>Essence 84 (Current)</arg>
<doc>Fails if the given objects are unequal.</doc>
<status status="PASS" starttime="20240612 11:33:34.779" endtime="20240612 11:33:34.780"/>
</kw>
<status status="PASS" starttime="20240612 11:33:28.419" endtime="20240612 11:33:34.781"/>
</test>
<kw name="Close ChatEditor" library="resources" type="TEARDOWN">
<kw name="Run" library="OperatingSystem">
<arg>taskkill /F /IM "Chat Editor.exe"</arg>
<doc>Runs the given command in the system and returns the output.</doc>
<msg timestamp="20240612 11:33:34.788" level="INFO">Running command 'taskkill /F /IM "Chat Editor.exe" 2&gt;&amp;1'.</msg>
<status status="PASS" starttime="20240612 11:33:34.782" endtime="20240612 11:33:35.006"/>
</kw>
<status status="PASS" starttime="20240612 11:33:34.782" endtime="20240612 11:33:35.007"/>
</kw>
<doc>Check "Essence 84" ENGLISH vocabulary</doc>
<status status="PASS" starttime="20240612 11:33:06.817" endtime="20240612 11:33:35.007"/>
</suite>
<status status="FAIL" starttime="20240612 11:32:43.173" endtime="20240612 11:33:35.009"/>
</suite>
<status status="FAIL" starttime="20240612 11:32:43.169" endtime="20240612 11:33:35.011"/>
</suite>
<status status="FAIL" starttime="20240612 11:32:43.165" endtime="20240612 11:33:35.014"/>
</suite>
<suite id="s1-s1-s2" name="NovaChatChatFusion" source="E:\PRC\git\ChatEditorRobot\Tests\Vocabulary\NovaChatChatFusion">
<suite id="s1-s1-s2-s1" name="NovaChatChatFusionEN" source="E:\PRC\git\ChatEditorRobot\Tests\Vocabulary\NovaChatChatFusion\NovaChatChatFusionEN">
<suite id="s1-s1-s2-s1-s1" name="NovaChatChatFusionEnglishPCS" source="E:\PRC\git\ChatEditorRobot\Tests\Vocabulary\NovaChatChatFusion\NovaChatChatFusionEN\NovaChatChatFusionEnglishPCS">
<suite id="s1-s1-s2-s1-s1-s1" name="intermediateScanPCS" source="E:\PRC\git\ChatEditorRobot\Tests\Vocabulary\NovaChatChatFusion\NovaChatChatFusionEN\NovaChatChatFusionEnglishPCS\intermediateScanPCS.robot">
<kw name="Run Keywords" library="BuiltIn" type="SETUP">
<arg>Delete Chat Editor Folder</arg>
<arg>AND</arg>
<arg>Open ChatEditor</arg>
<doc>Executes all the given keywords in a sequence.</doc>
<kw name="Delete Chat Editor Folder" library="resources">
<kw name="Get Environment Variable" library="OperatingSystem">
<var>${username}</var>
<arg>USERNAME</arg>
<doc>Returns the value of an environment variable with the given name.</doc>
<msg timestamp="20240612 11:33:35.077" level="INFO">${username} = nmari</msg>
<status status="PASS" starttime="20240612 11:33:35.077" endtime="20240612 11:33:35.077"/>
</kw>
<kw name="Set Variable" library="BuiltIn">
<var>${folderPath}</var>
<arg>C:\\Users\\${username}\\AppData\\Roaming\\Chat Editor</arg>
<doc>Returns the given values which can then be assigned to a variables.</doc>
<msg timestamp="20240612 11:33:35.078" level="INFO">${folderPath} = C:\Users\nmari\AppData\Roaming\Chat Editor</msg>
<status status="PASS" starttime="20240612 11:33:35.077" endtime="20240612 11:33:35.078"/>
</kw>
<kw name="Remove Directory" library="OperatingSystem">
<arg>${folderPath}</arg>
<arg>recursive=True</arg>
<doc>Removes the directory pointed to by the given ``path``.</doc>
<msg timestamp="20240612 11:33:35.082" level="INFO" html="true">Removed directory '&lt;a href="file://C:\Users\nmari\AppData\Roaming\Chat Editor"&gt;C:\Users\nmari\AppData\Roaming\Chat Editor&lt;/a&gt;'.</msg>
<status status="PASS" starttime="20240612 11:33:35.078" endtime="20240612 11:33:35.082"/>
</kw>
<kw name="Copy Directory" library="OperatingSystem">
<arg>Data\\Chat Editor</arg>
<arg>${folderPath}</arg>
<doc>Copies the source directory into the destination.</doc>
<msg timestamp="20240612 11:33:35.091" level="INFO" html="true">Copied directory from '&lt;a href="file://E:\PRC\git\ChatEditorRobot\Data\Chat Editor"&gt;E:\PRC\git\ChatEditorRobot\Data\Chat Editor&lt;/a&gt;' to '&lt;a href="file://C:\Users\nmari\AppData\Roaming\Chat Editor"&gt;C:\Users\nmari\AppData\Roaming\Chat Editor&lt;/a&gt;'.</msg>
[...]
<msg timestamp="20240612 11:39:11.084" level="INFO">Pressing keys: Key.alt</msg>
<status status="PASS" starttime="20240612 11:39:11.084" endtime="20240612 11:39:11.198"/>
</kw>
<kw name="Press Keys" library="RPA.Desktop">
<arg>l</arg>
<doc>Press multiple keys down simultaneously.</doc>
<msg timestamp="20240612 11:39:11.199" level="INFO">Pressing keys: 'l'</msg>
<status status="PASS" starttime="20240612 11:39:11.198" endtime="20240612 11:39:11.302"/>
</kw>
<status status="PASS" starttime="20240612 11:39:11.083" endtime="20240612 11:39:11.302"/>
</kw>
<kw name="Select vocabulary" library="resources">
<arg>name:English</arg>
<arg>name:PCS</arg>
<arg>name:WordPower</arg>
<arg>${wordPower60PCS}</arg>
<if>
<branch type="IF" condition="'${language}' != 'NONE'">
<kw name="Click" library="RPA.Windows">
<arg>${language}</arg>
<tag>action</tag>
<tag>mouse</tag>
<doc>Mouse click on element matching given locator.</doc>
<msg timestamp="20240612 11:39:11.304" level="INFO">Getting element with locator: name:English</msg>
<msg timestamp="20240612 11:39:11.306" level="INFO">Resulted root element: WindowsElement(item=&lt;uiautomation.uiautomation.PaneControl object at 0x000001E5C88B5D50&gt;, locator=None, name='Desktop 1', automation_id='', control_type='PaneControl', class_name='#32769', left=0, right=2560, top=0, bottom=1440, width=2560, height=1440, xcenter=1280, ycenter=720)</msg>
<msg timestamp="20240612 11:39:11.306" level="INFO">Locator 'name:English' produced matcher: MatchObject(locators=[('Name', 'English', 0)], _classes=set(), max_level=0)</msg>
<msg timestamp="20240612 11:39:12.033" level="INFO">Returning element: WindowsElement(item=&lt;uiautomation.uiautomation.TreeItemControl object at 0x000001E5C88B55A0&gt;, locator='name:English', name='English', automation_id='', control_type='TreeItemControl', class_name='', left=1040, right=1077, top=623, bottom=647, width=37, height=24, xcenter=1058, ycenter=635)</msg>
<status status="PASS" starttime="20240612 11:39:11.303" endtime="20240612 11:39:12.615"/>
</kw>
<status status="PASS" starttime="20240612 11:39:11.303" endtime="20240612 11:39:12.616"/>
</branch>
<status status="PASS" starttime="20240612 11:39:11.303" endtime="20240612 11:39:12.616"/>
</if>
<if>
<branch type="IF" condition="'${symbolSet}' != 'NONE'">
<kw name="Click" library="RPA.Windows">
<arg>${symbolSet}</arg>
<tag>action</tag>
<tag>mouse</tag>
<doc>Mouse click on element matching given locator.</doc>
<msg timestamp="20240612 11:39:12.618" level="INFO">Getting element with locator: name:PCS</msg>
<msg timestamp="20240612 11:39:12.620" level="INFO">Resulted root element: WindowsElement(item=&lt;uiautomation.uiautomation.PaneControl object at 0x000001E5C88B70D0&gt;, locator=None, name='Desktop 1', automation_id='', control_type='PaneControl', class_name='#32769', left=0, right=2560, top=0, bottom=1440, width=2560, height=1440, xcenter=1280, ycenter=720)</msg>
<msg timestamp="20240612 11:39:12.620" level="INFO">Locator 'name:PCS' produced matcher: MatchObject(locators=[('Name', 'PCS', 0)], _classes=set(), max_level=0)</msg>
<msg timestamp="20240612 11:39:13.086" level="INFO">Returning element: WindowsElement(item=&lt;uiautomation.uiautomation.TreeItemControl object at 0x000001E5C88B72B0&gt;, locator='name:PCS', name='PCS', automation_id='', control_type='TreeItemControl', class_name='', left=1067, right=1090, top=647, bottom=671, width=23, height=24, xcenter=1078, ycenter=659)</msg>
<status status="PASS" starttime="20240612 11:39:12.617" endtime="20240612 11:39:13.651"/>
</kw>
<status status="PASS" starttime="20240612 11:39:12.617" endtime="20240612 11:39:13.652"/>
</branch>
<status status="PASS" starttime="20240612 11:39:12.617" endtime="20240612 11:39:13.652"/>
</if>
<if>
<branch type="IF" condition="'${additionalVocabularies}' != 'NONE'">
<kw name="Click" library="RPA.Windows">
<arg>${additionalVocabularies}</arg>
<tag>action</tag>
<tag>mouse</tag>
<doc>Mouse click on element matching given locator.</doc>
<msg timestamp="20240612 11:39:13.653" level="INFO">Getting element with locator: name:WordPower</msg>
<msg timestamp="20240612 11:39:13.656" level="INFO">Resulted root element: WindowsElement(item=&lt;uiautomation.uiautomation.PaneControl object at 0x000001E5C88B7310&gt;, locator=None, name='Desktop 1', automation_id='', control_type='PaneControl', class_name='#32769', left=0, right=2560, top=0, bottom=1440, width=2560, height=1440, xcenter=1280, ycenter=720)</msg>
<msg timestamp="20240612 11:39:13.656" level="INFO">Locator 'name:WordPower' produced matcher: MatchObject(locators=[('Name', 'WordPower', 0)], _classes=set(), max_level=0)</msg>
<msg timestamp="20240612 11:39:14.126" level="INFO">Returning element: WindowsElement(item=&lt;uiautomation.uiautomation.TreeItemControl object at 0x000001E5C88B5600&gt;, locator='name:WordPower', name='WordPower', automation_id='', control_type='TreeItemControl', class_name='', left=1094, right=1154, top=647, bottom=671, width=60, height=24, xcenter=1124, ycenter=659)</msg>
<status status="PASS" starttime="20240612 11:39:13.653" endtime="20240612 11:39:14.702"/>
</kw>
<status status="PASS" starttime="20240612 11:39:13.652" endtime="20240612 11:39:14.705"/>
</branch>
<status status="PASS" starttime="20240612 11:39:13.652" endtime="20240612 11:39:14.705"/>
</if>
<if>
<branch type="IF" condition="'${downPageButton}' != 'NONE'">
<kw name="Click" library="RPA.Windows">
<arg>${downPageButton}</arg>
<tag>action</tag>
<tag>mouse</tag>
<doc>Mouse click on element matching given locator.</doc>
<msg timestamp="20240612 11:39:14.706" level="INFO">Getting element with locator: name:"WordPower60 PCS"</msg>
<msg timestamp="20240612 11:39:14.708" level="INFO">Resulted root element: WindowsElement(item=&lt;uiautomation.uiautomation.PaneControl object at 0x000001E5C88B7280&gt;, locator=None, name='Desktop 1', automation_id='', control_type='PaneControl', class_name='#32769', left=0, right=2560, top=0, bottom=1440, width=2560, height=1440, xcenter=1280, ycenter=720)</msg>
<msg timestamp="20240612 11:39:14.708" level="INFO">Locator 'name:"WordPower60 PCS"' produced matcher: MatchObject(locators=[('Name', 'WordPower60 PCS', 0)], _classes=set(), max_level=0)</msg>
<msg timestamp="20240612 11:39:15.202" level="INFO">Returning element: WindowsElement(item=&lt;uiautomation.uiautomation.TreeItemControl object at 0x000001E5C88B4F40&gt;, locator='name:"WordPower60 PCS"', name='WordPower60 PCS', automation_id='', control_type='TreeItemControl', class_name='', left=1121, right=1215, top=767, bottom=791, width=94, height=24, xcenter=1168, ycenter=779)</msg>
<status status="PASS" starttime="20240612 11:39:14.706" endtime="20240612 11:39:15.784"/>
</kw>
<status status="PASS" starttime="20240612 11:39:14.706" endtime="20240612 11:39:15.785"/>
</branch>
<status status="PASS" starttime="20240612 11:39:14.705" endtime="20240612 11:39:15.786"/>
</if>
<if>
<branch type="IF" condition="'${vocabName}' != 'NONE'">
<kw name="Click" library="RPA.Windows">
<arg>${vocabName}</arg>
<tag>action</tag>
<tag>mouse</tag>
<doc>Mouse click on element matching given locator.</doc>
<status status="NOT RUN" starttime="20240612 11:39:15.786" endtime="20240612 11:39:15.786"/>
</kw>
<status status="NOT RUN" starttime="20240612 11:39:15.786" endtime="20240612 11:39:15.786"/>
</branch>
<status status="PASS" starttime="20240612 11:39:15.786" endtime="20240612 11:39:15.786"/>
</if>
<kw name="Click" library="RPA.Windows">
<arg>id:33674</arg>
<tag>action</tag>
<tag>mouse</tag>
<doc>Mouse click on element matching given locator.</doc>
<msg timestamp="20240612 11:39:15.787" level="INFO">Getting element with locator: id:33674</msg>
<msg timestamp="20240612 11:39:15.788" level="INFO">Resulted root element: WindowsElement(item=&lt;uiautomation.uiautomation.PaneControl object at 0x000001E5C88B5750&gt;, locator=None, name='Desktop 1', automation_id='', control_type='PaneControl', class_name='#32769', left=0, right=2560, top=0, bottom=1440, width=2560, height=1440, xcenter=1280, ycenter=720)</msg>
<msg timestamp="20240612 11:39:15.788" level="INFO">Locator 'id:33674' produced matcher: MatchObject(locators=[('AutomationId', '33674', 0)], _classes=set(), max_level=0)</msg>
<msg timestamp="20240612 11:39:15.821" level="INFO">Returning element: WindowsElement(item=&lt;uiautomation.uiautomation.MenuItemControl object at 0x000001E5C88B5540&gt;, locator='id:33674', name='Open', automation_id='33674', control_type='MenuItemControl', class_name='', left=1187, right=1330, top=779, bottom=801, width=143, height=22, xcenter=1258, ycenter=790)</msg>
<status status="PASS" starttime="20240612 11:39:15.786" endtime="20240612 11:39:16.402"/>
</kw>
<status status="PASS" starttime="20240612 11:39:11.303" endtime="20240612 11:39:16.403"/>
</kw>
<status status="PASS" starttime="20240612 11:38:55.917" endtime="20240612 11:39:16.404"/>
</test>
<test id="s1-s1-s2-s1-s1-s3-s10-t2" name="Assertions for &quot;WordPower60 PCS&quot; ENGLISH vocabulary" line="20">
<kw name="Set Resolution" library="screen_resolution">
<arg>${window}</arg>
<arg>1800</arg>
<arg>800</arg>
<doc>Set the resolution of the specified window.</doc>
<msg timestamp="20240612 11:39:16.512" level="INFO">Changed resolution of 'ChatEditor • (EnglishUser)' to 1800x800.</msg>
<status status="PASS" starttime="20240612 11:39:16.406" endtime="20240612 11:39:16.512"/>
</kw>
<kw name="Set Variable" library="BuiltIn">
<var>${text}</var>
<arg>PEOPLE</arg>
<doc>Returns the given values which can then be assigned to a variables.</doc>
<msg timestamp="20240612 11:39:16.513" level="INFO">${text} = PEOPLE</msg>
<status status="PASS" starttime="20240612 11:39:16.512" endtime="20240612 11:39:16.513"/>
</kw>
<kw name="Click On Button With Text" library="screen_resolution">
<arg>${text}</arg>
<arg>NovaChatChatFusion\\NovaChatChatFusionEnglish\\wordPower60PCS\\people.png</arg>
<arg>0.7</arg>
<doc>Click on the button with the specified text by locating its image on the screen.</doc>
<msg timestamp="20240612 11:39:16.514" level="INFO">Image path: E:\PRC\git\ChatEditorRobot\images\vocabularies\NovaChatChatFusion\NovaChatChatFusionEnglish\wordPower60PCS\people.png</msg>
<msg timestamp="20240612 11:39:16.732" level="FAIL">ImageNotFoundException: Could not locate the image (highest confidence = 0.482)</msg>
<status status="FAIL" starttime="20240612 11:39:16.513" endtime="20240612 11:39:16.733"/>
</kw>
<kw name="Check to see if the user exist" library="vocabularyAssertions">
<status status="NOT RUN" starttime="20240612 11:39:16.733" endtime="20240612 11:39:16.733"/>
</kw>
<kw name="Click" library="RPA.Windows">
<arg>${edit_mode_btn}</arg>
<tag>action</tag>
<tag>mouse</tag>
<doc>Mouse click on element matching given locator.</doc>
<status status="NOT RUN" starttime="20240612 11:39:16.733" endtime="20240612 11:39:16.733"/>
</kw>
<kw name="Get Text" library="RPA.Windows">
<var>${message}</var>
<arg>id:65535</arg>
<tag>action</tag>
<doc>Get text from Control element defined by the locator.</doc>
<status status="NOT RUN" starttime="20240612 11:39:16.734" endtime="20240612 11:39:16.734"/>
</kw>
<kw name="Should Contain" library="BuiltIn">
<arg>${message}</arg>
<arg>The vocabulary "WordPower60 PCS"</arg>
<doc>Fails if ``container`` does not contain ``item`` one or more times.</doc>
<status status="NOT RUN" starttime="20240612 11:39:16.734" endtime="20240612 11:39:16.734"/>
</kw>
<kw name="Click" library="RPA.Windows">
<arg>id:7</arg>
<tag>action</tag>
<tag>mouse</tag>
<doc>Mouse click on element matching given locator.</doc>
<status status="NOT RUN" starttime="20240612 11:39:16.735" endtime="20240612 11:39:16.735"/>
</kw>
<kw name="Press Keys" library="RPA.Desktop">
<arg>alt</arg>
<arg>l</arg>
<doc>Press multiple keys down simultaneously.</doc>
<status status="NOT RUN" starttime="20240612 11:39:16.735" endtime="20240612 11:39:16.735"/>
</kw>
<kw name="Click" library="RPA.Windows">
<arg>name:English</arg>
<tag>action</tag>
<tag>mouse</tag>
<doc>Mouse click on element matching given locator.</doc>
<status status="NOT RUN" starttime="20240612 11:39:16.736" endtime="20240612 11:39:16.736"/>
</kw>
<kw name="Click" library="RPA.Windows">
<arg>name:PCS</arg>
<tag>action</tag>
<tag>mouse</tag>
<doc>Mouse click on element matching given locator.</doc>
<status status="NOT RUN" starttime="20240612 11:39:16.736" endtime="20240612 11:39:16.736"/>
</kw>
<kw name="Click" library="RPA.Windows">
<arg>name:WordPower</arg>
<tag>action</tag>
<tag>mouse</tag>
<doc>Mouse click on element matching given locator.</doc>
<status status="NOT RUN" starttime="20240612 11:39:16.736" endtime="20240612 11:39:16.737"/>
</kw>
<kw name="Get Attribute" library="RPA.Windows">
<var>${name}</var>
<arg>name:"WordPower60 PCS (Current)"</arg>
<arg>Name</arg>
<doc>Get attribute value of the element defined by the locator.</doc>
<status status="NOT RUN" starttime="20240612 11:39:16.737" endtime="20240612 11:39:16.737"/>
</kw>
<kw name="Should Be Equal" library="BuiltIn">
<arg>${name}</arg>
<arg>WordPower60 PCS (Current)</arg>
<doc>Fails if the given objects are unequal.</doc>
<status status="NOT RUN" starttime="20240612 11:39:16.737" endtime="20240612 11:39:16.737"/>
</kw>
<status status="FAIL" starttime="20240612 11:39:16.405" endtime="20240612 11:39:16.738">ImageNotFoundException: Could not locate the image (highest confidence = 0.482)</status>
</test>
<kw name="Close ChatEditor" library="resources" type="TEARDOWN">
<kw name="Run" library="OperatingSystem">
<arg>taskkill /F /IM "Chat Editor.exe"</arg>
<doc>Runs the given command in the system and returns the output.</doc>
<msg timestamp="20240612 11:39:16.743" level="INFO">Running command 'taskkill /F /IM "Chat Editor.exe" 2&gt;&amp;1'.</msg>
<status status="PASS" starttime="20240612 11:39:16.739" endtime="20240612 11:39:16.962"/>
</kw>
<status status="PASS" starttime="20240612 11:39:16.739" endtime="20240612 11:39:16.963"/>
</kw>
<doc>Check "WordPower60 PCS" ENGLISH vocabulary</doc>
<status status="FAIL" starttime="20240612 11:38:50.326" endtime="20240612 11:39:16.963"/>
</suite>
<suite id="s1-s1-s2-s1-s1-s3-s11" name="wordPower80PCS" source="E:\PRC\git\ChatEditorRobot\Tests\Vocabulary\NovaChatChatFusion\NovaChatChatFusionEN\NovaChatChatFusionEnglishPCS\NovaChatChatFusionEnglishPCS&amp;WordPower\wordPower80PCS.robot">
<kw name="Run Keywords" library="BuiltIn" type="SETUP">
<arg>Delete Chat Editor Folder</arg>
<arg>AND</arg>
<arg>Open ChatEditor</arg>
<doc>Executes all the given keywords in a sequence.</doc>
<kw name="Delete Chat Editor Folder" library="resources">
<kw name="Get Environment Variable" library="OperatingSystem">
<var>${username}</var>
<arg>USERNAME</arg>
<doc>Returns the value of an environment variable with the given name.</doc>
<msg timestamp="20240612 11:39:17.008" level="INFO">${username} = nmari</msg>
<status status="PASS" starttime="20240612 11:39:17.007" endtime="20240612 11:39:17.008"/>
</kw>
<kw name="Set Variable" library="BuiltIn">
<var>${folderPath}</var>
<arg>C:\\Users\\${username}\\AppData\\Roaming\\Chat Editor</arg>
<doc>Returns the given values which can then be assigned to a variables.</doc>
<msg timestamp="20240612 11:39:17.008" level="INFO">${folderPath} = C:\Users\nmari\AppData\Roaming\Chat Editor</msg>
<status status="PASS" starttime="20240612 11:39:17.008" endtime="20240612 11:39:17.008"/>
</kw>
<kw name="Remove Directory" library="OperatingSystem">
<arg>${folderPath}</arg>
<arg>recursive=True</arg>
<doc>Removes the directory pointed to by the given ``path``.</doc>
<msg timestamp="20240612 11:39:17.013" level="INFO" html="true">Removed directory '&lt;a href="file://C:\Users\nmari\AppData\Roaming\Chat Editor"&gt;C:\Users\nmari\AppData\Roaming\Chat Editor&lt;/a&gt;'.</msg>
<status status="PASS" starttime="20240612 11:39:17.009" endtime="20240612 11:39:17.013"/>
</kw>
<kw name="Copy Directory" library="OperatingSystem">
<arg>Data\\Chat Editor</arg>
<arg>${folderPath}</arg>
<doc>Copies the source directory into the destination.</doc>
<msg timestamp="20240612 11:39:17.020" level="INFO" html="true">Copied directory from '&lt;a href="file://E:\PRC\git\ChatEditorRobot\Data\Chat Editor"&gt;E:\PRC\git\ChatEditorRobot\Data\Chat Editor&lt;/a&gt;' to '&lt;a href="file://C:\Users\nmari\AppData\Roaming\Chat Editor"&gt;C:\Users\nmari\AppData\Roaming\Chat Editor&lt;/a&gt;'.</msg>
<status status="PASS" starttime="20240612 11:39:17.014" endtime="20240612 11:39:17.020"/>
</kw>
<status status="PASS" starttime="20240612 11:39:17.007" endtime="20240612 11:39:17.020"/>
</kw>
<kw name="Open ChatEditor" library="resources">
<kw name="Windows Run" library="RPA.Windows">
<arg>${chatEditorPath}</arg>
<tag>window</tag>
<doc>Use Windows Run window to launch an application.</doc>
<msg timestamp="20240612 11:39:17.022" level="INFO">Sending keys '{Win}r' to element: &lt;module 'uiautomation' from 'C:\\Program Files\\Python310\\lib\\site-packages\\uiautomation\\__init__.py'&gt;</msg>
<msg timestamp="20240612 11:39:17.656" level="INFO">Sending keys '"C:/Program Files (x86)/Chat Editor/Chat Editor.exe"' to element: &lt;module 'uiautomation' from 'C:\\Program Files\\Python310\\lib\\site-packages\\uiautomation\\__init__.py'&gt;</msg>
<msg timestamp="20240612 11:39:18.998" level="INFO">Sending keys '{Enter}' to element: &lt;module 'uiautomation' from 'C:\\Program Files\\Python310\\lib\\site-packages\\uiautomation\\__init__.py'&gt;</msg>
<status status="FAIL" starttime="20240612 11:39:17.021" endtime="20240612 11:39:21.664"/>
</kw>
<status status="FAIL" starttime="20240612 11:39:17.021" endtime="20240612 11:39:21.665"/>
</kw>
<status status="FAIL" starttime="20240612 11:39:17.007" endtime="20240612 11:39:21.665"/>
</kw>
<test id="s1-s1-s2-s1-s1-s3-s11-t1" name="Validate &quot;WordPower80 PCS&quot; vocabulary" line="10">
<tag>robot:exit</tag>
<status status="FAIL" starttime="20240612 11:39:21.665" endtime="20240612 11:39:21.665">Test execution stopped due to a fatal error.</status>
</test>
<test id="s1-s1-s2-s1-s1-s3-s11-t2" name="Assertions for &quot;WordPower80 PCS&quot; ENGLISH vocabulary" line="20">
<tag>robot:exit</tag>
<status status="FAIL" starttime="20240612 11:39:21.667" endtime="20240612 11:39:21.667">Test execution stopped due to a fatal error.</status>
</test>
<kw name="Close ChatEditor" library="resources" type="TEARDOWN">
<kw name="Run" library="OperatingSystem">
<arg>taskkill /F /IM "Chat Editor.exe"</arg>
<doc>Runs the given command in the system and returns the output.</doc>
<msg timestamp="20240612 11:39:21.691" level="INFO">Running command 'taskkill /F /IM "Chat Editor.exe" 2&gt;&amp;1'.</msg>
<errors>
<msg timestamp="20240612 11:33:53.018" level="WARN">Keyword 'BuiltIn.Run Keyword Unless' is deprecated. </msg>
<msg timestamp="20240612 11:34:26.647" level="WARN">Keyword 'BuiltIn.Run Keyword Unless' is deprecated. </msg>
<msg timestamp="20240612 11:34:52.972" level="WARN">Keyword 'BuiltIn.Run Keyword Unless' is deprecated. </msg>
<msg timestamp="20240612 11:35:20.551" level="WARN">Keyword 'BuiltIn.Run Keyword Unless' is deprecated. </msg>
<msg timestamp="20240612 11:35:47.908" level="WARN">Keyword 'BuiltIn.Run Keyword Unless' is deprecated. </msg>
<msg timestamp="20240612 11:36:15.496" level="WARN">Keyword 'BuiltIn.Run Keyword Unless' is deprecated. </msg>
<msg timestamp="20240612 11:36:48.767" level="WARN">Keyword 'BuiltIn.Run Keyword Unless' is deprecated. </msg>
<msg timestamp="20240612 11:37:21.778" level="WARN">Keyword 'BuiltIn.Run Keyword Unless' is deprecated. </msg>
<msg timestamp="20240612 11:37:48.826" level="WARN">Keyword 'BuiltIn.Run Keyword Unless' is deprecated. </msg>
<msg timestamp="20240612 11:38:15.397" level="WARN">Keyword 'BuiltIn.Run Keyword Unless' is deprecated. </msg>
<msg timestamp="20240612 11:38:41.888" level="WARN">Keyword 'BuiltIn.Run Keyword Unless' is deprecated. </msg>
<msg timestamp="20240612 11:39:08.459" level="WARN">Keyword 'BuiltIn.Run Keyword Unless' is deprecated. </msg>
<msg timestamp="20240612 11:39:21.890" level="ERROR">Execution stopped by user.</msg>
</errors>
</robot>
